input:
G1gat new_n136_ new_n198_ new_n233_ new_n263_ new_n433_ 
output:
G1324gat
input:
G8gat new_n136_ new_n198_ new_n233_ new_n263_ new_n433_ 
output:
G1325gat
input:
G15gat new_n136_ new_n198_ new_n233_ new_n263_ new_n433_ 
output:
G1326gat
input:
G22gat new_n136_ new_n198_ new_n233_ new_n263_ new_n434_ 
output:
G1327gat
input:
G29gat new_n136_ new_n198_ new_n233_ new_n263_ new_n464_ 
output:
G1328gat
input:
G36gat new_n136_ new_n198_ new_n233_ new_n263_ new_n464_ 
output:
G1329gat
input:
G43gat new_n136_ new_n198_ new_n233_ new_n263_ new_n464_ 
output:
G1330gat
input:
G50gat new_n136_ new_n198_ new_n233_ new_n263_ new_n465_ 
output:
G1331gat
input:
G57gat new_n136_ new_n198_ new_n233_ new_n263_ new_n496_ 
output:
G1332gat
input:
G64gat new_n136_ new_n198_ new_n233_ new_n263_ new_n496_ 
output:
G1333gat
input:
G71gat new_n136_ new_n198_ new_n233_ new_n263_ new_n496_ 
output:
G1334gat
input:
G78gat new_n136_ new_n198_ new_n233_ new_n263_ new_n496_ 
output:
G1335gat
input:
G85gat new_n136_ new_n198_ new_n233_ new_n263_ new_n524_ 
output:
G1336gat
input:
G92gat new_n136_ new_n198_ new_n233_ new_n263_ new_n524_ 
output:
G1337gat
input:
G99gat new_n136_ new_n198_ new_n233_ new_n263_ new_n524_ 
output:
G1338gat
input:
G106gat new_n136_ new_n198_ new_n233_ new_n263_ new_n524_ 
output:
G1339gat
input:
G113gat new_n325_ new_n376_ new_n404_ new_n430_ new_n564_ 
output:
G1340gat
input:
G120gat new_n325_ new_n376_ new_n404_ new_n430_ new_n564_ 
output:
G1341gat
input:
G127gat new_n325_ new_n376_ new_n404_ new_n430_ new_n564_ 
output:
G1342gat
input:
G134gat new_n325_ new_n376_ new_n404_ new_n430_ new_n564_ 
output:
G1343gat
input:
G141gat new_n325_ new_n376_ new_n404_ new_n430_ new_n593_ 
output:
G1344gat
input:
G148gat new_n325_ new_n376_ new_n404_ new_n430_ new_n593_ 
output:
G1345gat
input:
G155gat new_n325_ new_n376_ new_n404_ new_n430_ new_n593_ 
output:
G1346gat
input:
G162gat new_n325_ new_n376_ new_n404_ new_n430_ new_n593_ 
output:
G1347gat
input:
G169gat new_n325_ new_n376_ new_n404_ new_n430_ new_n622_ 
output:
G1348gat
input:
G176gat new_n325_ new_n376_ new_n404_ new_n430_ new_n622_ 
output:
G1349gat
input:
G183gat new_n325_ new_n376_ new_n404_ new_n430_ new_n622_ 
output:
G1350gat
input:
G190gat new_n325_ new_n376_ new_n404_ new_n430_ new_n622_ 
output:
G1351gat
input:
G197gat new_n325_ new_n376_ new_n404_ new_n430_ new_n650_ 
output:
G1352gat
input:
G204gat new_n325_ new_n376_ new_n404_ new_n430_ new_n650_ 
output:
G1353gat
input:
G211gat new_n325_ new_n376_ new_n404_ new_n430_ new_n650_ 
output:
G1354gat
input:
G218gat new_n325_ new_n376_ new_n404_ new_n430_ new_n650_ 
output:
G1355gat
input:
G1gat G29gat G57gat G85gat new_n111_ new_n96_ 
output:
new_n136_
input:
G169gat G176gat G183gat G190gat new_n158_ new_n174_ 
output:
new_n198_
input:
G141gat G148gat G155gat G162gat new_n215_ new_n228_ 
output:
new_n233_
input:
G113gat G120gat G127gat G134gat new_n245_ new_n258_ 
output:
new_n263_
input:
new_n326_ new_n376_ new_n384_ new_n400_ new_n410_ new_n425_ 
output:
new_n433_
input:
G218gat new_n326_ new_n352_ new_n367_ new_n404_ new_n430_ 
output:
new_n434_
input:
new_n325_ new_n404_ new_n410_ new_n425_ new_n461_ 
output:
new_n464_
input:
new_n325_ new_n376_ new_n384_ new_n400_ new_n410_ new_n425_ 
output:
new_n465_
input:
new_n325_ new_n337_ new_n347_ new_n371_ new_n404_ new_n430_ 
output:
new_n496_
input:
new_n301_ new_n320_ new_n376_ new_n410_ new_n425_ new_n492_ 
output:
new_n524_
input:
G127gat G155gat G231gat G233gat new_n286_ new_n320_ 
output:
new_n325_
input:
G134gat G162gat G232gat G233gat new_n337_ new_n371_ 
output:
new_n376_
input:
G120gat G148gat G176gat G204gat new_n312_ new_n384_ 
output:
new_n404_
input:
G113gat G141gat G169gat G197gat new_n286_ new_n410_ 
output:
new_n430_
input:
G99gat new_n136_ new_n198_ new_n233_ new_n249_ new_n253_ 
output:
new_n564_
input:
new_n136_ new_n198_ new_n245_ new_n258_ new_n269_ new_n92_ 
output:
new_n593_
input:
new_n136_ new_n201_ new_n233_ new_n249_ new_n258_ 
output:
new_n622_
input:
new_n158_ new_n194_ new_n200_ new_n263_ new_n269_ 
output:
new_n650_
input:
G141gat G148gat G155gat G162gat 
output:
new_n111_
input:
G113gat G120gat G127gat G134gat G225gat G233gat 
output:
new_n96_
input:
G197gat G204gat G211gat G218gat G226gat G233gat 
output:
new_n158_
input:
G36gat G64gat G8gat G92gat 
output:
new_n174_
input:
G228gat G22gat G233gat G50gat 
output:
new_n215_
input:
G106gat G197gat G204gat G211gat G218gat G78gat 
output:
new_n228_
input:
G15gat G227gat G233gat G43gat 
output:
new_n245_
input:
G169gat G176gat G183gat G190gat G71gat G99gat 
output:
new_n258_
input:
G127gat G155gat G231gat G233gat new_n286_ new_n320_ 
output:
new_n326_
input:
G106gat G230gat G233gat G85gat G92gat G99gat 
output:
new_n384_
input:
G57gat G64gat G71gat G78gat new_n396_ 
output:
new_n400_
input:
G229gat G233gat G29gat G36gat G43gat G50gat 
output:
new_n410_
input:
G113gat G141gat G169gat G197gat new_n286_ 
output:
new_n425_
input:
G134gat G162gat G232gat G233gat new_n337_ 
output:
new_n352_
input:
G106gat G190gat G85gat G92gat G99gat 
output:
new_n367_
input:
G29gat G36gat G43gat G50gat new_n347_ new_n371_ 
output:
new_n461_
input:
G29gat G36gat G43gat G50gat 
output:
new_n337_
input:
G134gat G162gat G232gat G233gat 
output:
new_n347_
input:
G106gat G190gat G218gat G85gat G92gat G99gat 
output:
new_n371_
input:
G127gat G155gat G231gat G233gat new_n286_ 
output:
new_n301_
input:
G183gat G211gat G57gat G64gat G71gat G78gat 
output:
new_n320_
input:
G57gat G64gat G71gat G78gat new_n384_ new_n396_ 
output:
new_n492_
input:
G15gat G1gat G22gat G8gat 
output:
new_n286_
input:
G57gat G64gat G71gat G78gat 
output:
new_n312_
input:
G113gat G120gat G127gat G134gat new_n245_ 
output:
new_n249_
input:
G169gat G176gat G183gat G190gat G71gat 
output:
new_n253_
input:
G228gat G22gat G233gat G50gat new_n111_ new_n228_ 
output:
new_n269_
input:
G113gat G120gat G127gat G134gat 
output:
new_n92_
input:
G36gat G64gat G8gat G92gat new_n158_ new_n190_ 
output:
new_n201_
input:
G36gat G64gat G8gat G92gat new_n190_ 
output:
new_n194_
input:
G141gat G148gat G155gat G162gat new_n127_ new_n96_ 
output:
new_n200_
input:
G120gat G148gat G176gat G204gat 
output:
new_n396_
input:
G169gat G176gat G183gat G190gat 
output:
new_n190_
input:
G1gat G29gat G57gat G85gat 
output:
new_n127_
