input:
IN-G169 
output:
G169
input:
IN-G174 
output:
G174
input:
IN-G177 
output:
G177
input:
IN-G178 
output:
G178
input:
IN-G179 
output:
G179
input:
IN-G180 
output:
G180
input:
IN-G181 
output:
G181
input:
IN-G182 
output:
G182
input:
IN-G183 
output:
G183
input:
IN-G184 
output:
G184
input:
IN-G185 
output:
G185
input:
IN-G186 
output:
G186
input:
IN-G189 
output:
G189
input:
IN-G190 
output:
G190
input:
IN-G191 
output:
G191
input:
IN-G192 
output:
G192
input:
IN-G193 
output:
G193
input:
IN-G194 
output:
G194
input:
IN-G195 
output:
G195
input:
IN-G196 
output:
G196
input:
IN-G197 
output:
G197
input:
IN-G198 
output:
G198
input:
IN-G199 
output:
G199
input:
IN-G200 
output:
G200
input:
IN-G201 
output:
G201
input:
IN-G202 
output:
G202
input:
IN-G203 
output:
G203
input:
IN-G204 
output:
G204
input:
IN-G205 
output:
G205
input:
IN-G206 
output:
G206
input:
IN-G207 
output:
G207
input:
IN-G208 
output:
G208
input:
IN-G209 
output:
G209
input:
IN-G210 
output:
G210
input:
IN-G211 
output:
G211
input:
IN-G212 
output:
G212
input:
IN-G213 
output:
G213
input:
IN-G214 
output:
G214
input:
IN-G215 
output:
G215
input:
IN-G239 
output:
G239
input:
IN-G240 
output:
G240
input:
IN-G241 
output:
G241
input:
IN-G242 
output:
G242
input:
IN-G243 
output:
G243
input:
IN-G244 
output:
G244
input:
IN-G245 
output:
G245
input:
IN-G246 
output:
G246
input:
IN-G247 
output:
G247
input:
IN-G248 
output:
G248
input:
IN-G249 
output:
G249
input:
IN-G250 
output:
G250
input:
IN-G251 
output:
G251
input:
IN-G252 
output:
G252
input:
IN-G253 
output:
G253
input:
IN-G254 
output:
G254
input:
IN-G255 
output:
G255
input:
IN-G256 
output:
G256
input:
IN-G257 
output:
G257
input:
IN-G262 
output:
G262
input:
IN-G263 
output:
G263
input:
IN-G264 
output:
G264
input:
IN-G265 
output:
G265
input:
IN-G266 
output:
G266
input:
IN-G267 
output:
G267
input:
IN-G268 
output:
G268
input:
IN-G269 
output:
G269
input:
IN-G270 
output:
G270
input:
IN-G271 
output:
G271
input:
IN-G272 
output:
G272
input:
IN-G273 
output:
G273
input:
IN-G274 
output:
G274
input:
IN-G275 
output:
G275
input:
IN-G276 
output:
G276
input:
IN-G277 
output:
G277
input:
IN-G278 
output:
G278
input:
IN-G279 
output:
G279
input:
G452 
output:
G350
input:
G452 
output:
G335
input:
G452 
output:
G409
input:
G1083 
output:
G369
input:
G1083 
output:
G367
input:
G2066 
output:
G411
input:
G2066 
output:
G337
input:
G2066 
output:
G384
input:
G44 
output:
G218
input:
G132 
output:
G219
input:
G82 
output:
G220
input:
G96 
output:
G221
input:
G69 
output:
G235
input:
G120 
output:
G236
input:
G57 
output:
G237
input:
G108 
output:
G238
input:
G2072 G2078 G2084 G2090 
output:
G158
input:
G15 G2 G661 
output:
G259
input:
G452 
output:
G391
input:
G452 G94 
output:
G173
input:
G661 G7 
output:
G223
input:
G567 G661 G7 
output:
G234
input:
G2106 G661 G7 
output:
G217
input:
G132 G44 G69 G82 G96 new_n420_ 
output:
G325
input:
G132 G44 G69 G82 G96 new_n420_ 
output:
G261
input:
G132 G2106 G44 G82 G96 new_n426_ 
output:
G319
input:
G101 G113 G125 G137 G2104 G2105 
output:
G160
input:
G100 G112 G124 G136 G2104 G2105 
output:
G162
input:
G102 G114 G126 G138 G2104 G2105 
output:
G164
input:
G50 G543 G62 G651 G75 G88 
output:
G166
input:
G51 G543 G63 G651 G76 G89 
output:
G168
input:
G52 G543 G64 G651 G77 G90 
output:
G171
input:
G860 new_n509_ 
output:
G153
input:
G36 G483 G661 new_n425_ new_n426_ 
output:
G176
input:
G1 G3 G483 G661 new_n425_ new_n426_ 
output:
G188
input:
G53 G543 G65 G651 G78 G91 
output:
G299
input:
G52 G543 G64 G651 G77 G90 
output:
G301
input:
G51 G543 G63 G651 G76 G89 
output:
G286
input:
G50 G543 G62 G651 G75 G88 
output:
G303
input:
G49 G543 G651 G74 G87 
output:
G288
input:
G48 G543 G61 G651 G73 G86 
output:
G305
input:
G47 G543 G60 G651 G72 G85 
output:
G290
input:
G171 G868 new_n589_ 
output:
G284
input:
G171 G868 new_n589_ 
output:
G321
input:
G168 G299 G868 
output:
G297
input:
G168 G299 G868 
output:
G280
input:
G559 G860 new_n589_ 
output:
G148
input:
G559 G868 new_n509_ new_n589_ 
output:
G282
input:
G559 G868 new_n509_ new_n589_ 
output:
G323
input:
G2096 G2100 new_n616_ 
output:
G156
input:
G14 G2435 G2438 G2443 G2446 new_n663_ 
output:
G401
input:
G2067 G2678 new_n694_ 
output:
G227
input:
G1981 G1986 G1991 G1996 new_n705_ new_n735_ 
output:
G229
input:
new_n835_ new_n877_ new_n909_ new_n922_ new_n951_ new_n959_ 
output:
G311
input:
new_n836_ new_n877_ new_n909_ new_n923_ new_n951_ new_n960_ 
output:
G150
input:
G559 G860 new_n509_ new_n590_ new_n975_ 
output:
G145
input:
G160 G162 G37 new_n1025_ new_n616_ 
output:
G395
input:
G868 new_n1035_ new_n1055_ new_n563_ new_n575_ new_n975_ 
output:
G295
input:
G868 new_n1035_ new_n1055_ new_n563_ new_n575_ new_n975_ 
output:
G331
input:
G37 new_n1035_ new_n1071_ new_n563_ new_n575_ 
output:
G397
input:
new_n1110_ new_n1129_ new_n1151_ new_n1174_ new_n1204_ new_n1221_ 
output:
G329
input:
G37 new_n1031_ new_n1043_ new_n1071_ new_n1229_ 
output:
G308
input:
G37 G395 new_n1035_ new_n1038_ new_n1071_ new_n1230_ 
output:
G225
input:
G108 G120 G57 
output:
new_n420_
input:
G108 G120 G567 G57 G69 
output:
new_n426_
input:
G43 G543 G56 G651 G68 G81 
output:
new_n509_
input:
G132 G2106 G44 G82 G96 
output:
new_n425_
input:
G54 G543 G651 G66 G79 G92 
output:
new_n589_
input:
G111 G123 G135 G2104 G2105 G99 
output:
new_n616_
input:
G1341 G1348 G2427 G2430 G2451 G2454 
output:
new_n663_
input:
G2072 G2078 G2084 G2090 G2096 G2100 
output:
new_n694_
input:
G1971 G1976 
output:
new_n705_
input:
G1956 G1961 G1966 G2474 
output:
new_n735_
input:
G1996 new_n762_ new_n778_ new_n792_ new_n808_ new_n832_ 
output:
new_n835_
input:
new_n844_ new_n847_ new_n852_ new_n862_ new_n872_ 
output:
new_n877_
input:
G1996 G29 G32 new_n775_ new_n896_ new_n907_ 
output:
new_n909_
input:
G1341 G16 G19 new_n510_ new_n916_ 
output:
new_n922_
input:
G1986 new_n841_ new_n930_ new_n936_ new_n943_ new_n948_ 
output:
new_n951_
input:
G1341 G16 G19 new_n509_ new_n955_ new_n956_ 
output:
new_n959_
input:
new_n780_ new_n786_ new_n791_ new_n807_ new_n831_ 
output:
new_n836_
input:
G1341 G16 G19 new_n509_ new_n915_ 
output:
new_n923_
input:
G1341 G16 G19 new_n509_ new_n955_ new_n956_ 
output:
new_n960_
input:
G54 G543 G651 G66 G79 G92 
output:
new_n590_
input:
G543 G55 G651 G67 G80 G93 
output:
new_n975_
input:
G164 new_n1005_ new_n756_ new_n774_ new_n825_ new_n891_ 
output:
new_n1025_
input:
G166 G49 G543 G651 G74 G87 
output:
new_n1035_
input:
G559 new_n509_ new_n539_ new_n589_ new_n975_ 
output:
new_n1055_
input:
G48 G543 G61 G651 G73 G86 
output:
new_n563_
input:
G47 G543 G60 G651 G72 G85 
output:
new_n575_
input:
G168 G171 new_n509_ new_n539_ new_n589_ new_n975_ 
output:
new_n1071_
input:
G168 G1966 G2084 G8 new_n1084_ new_n1105_ 
output:
new_n1110_
input:
G299 new_n1113_ new_n1118_ new_n1125_ new_n510_ new_n589_ 
output:
new_n1129_
input:
G171 new_n1125_ new_n1138_ new_n1141_ new_n539_ 
output:
new_n1151_
input:
G171 new_n1110_ new_n1138_ new_n1141_ new_n1162_ new_n1169_ 
output:
new_n1174_
input:
G2067 new_n1178_ new_n1186_ new_n1196_ new_n1201_ new_n756_ 
output:
new_n1204_
input:
new_n1190_ new_n1191_ new_n1211_ new_n1214_ new_n891_ 
output:
new_n1221_
input:
G160 G162 G164 new_n1005_ new_n1020_ new_n616_ 
output:
new_n1031_
input:
G166 new_n551_ new_n563_ new_n575_ 
output:
new_n1043_
input:
G2067 G229 G2678 G319 G401 new_n694_ 
output:
new_n1229_
input:
G48 G543 G651 G86 new_n562_ new_n575_ 
output:
new_n1038_
input:
G2067 G229 G2678 G401 new_n513_ new_n694_ 
output:
new_n1230_
input:
G2067 G26 G29 new_n756_ 
output:
new_n762_
input:
G29 G32 new_n774_ 
output:
new_n778_
input:
G164 G2078 G27 G29 new_n786_ 
output:
new_n792_
input:
G1348 G16 G2084 G4 new_n590_ new_n805_ 
output:
new_n808_
input:
G16 G171 G1961 G2072 G5 new_n829_ 
output:
new_n832_
input:
G1348 G16 G1986 G24 new_n575_ new_n837_ 
output:
new_n844_
input:
G164 G2078 G27 G29 
output:
new_n847_
input:
G16 G168 G1966 G21 
output:
new_n852_
input:
G16 G1966 G1981 G6 new_n563_ new_n850_ 
output:
new_n862_
input:
G16 G1956 G20 new_n539_ new_n871_ 
output:
new_n872_
input:
G105 G117 G129 G141 G2104 G2105 
output:
new_n775_
input:
G1991 G25 G29 new_n891_ 
output:
new_n896_
input:
G16 G1976 G23 new_n900_ 
output:
new_n907_
input:
G43 G543 G56 G651 G68 G81 
output:
new_n510_
input:
G11 G28 G29 new_n616_ 
output:
new_n916_
input:
G16 G24 G290 
output:
new_n841_
input:
G16 G1956 G20 G299 
output:
new_n930_
input:
G1971 G2072 G29 G33 new_n825_ new_n870_ 
output:
new_n936_
input:
G2067 G2090 G26 G29 new_n756_ new_n940_ 
output:
new_n943_
input:
G1991 G2084 G29 G34 new_n802_ new_n894_ 
output:
new_n948_
input:
G16 G1981 G305 G6 
output:
new_n955_
input:
G16 G171 G1961 G5 
output:
new_n956_
input:
G1996 G2067 G26 G29 new_n757_ new_n777_ 
output:
new_n780_
input:
G162 G2090 G29 G35 
output:
new_n786_
input:
G164 G2078 G27 G29 
output:
new_n791_
input:
G2084 G29 G34 new_n800_ new_n802_ 
output:
new_n807_
input:
G2072 G29 G33 new_n813_ new_n825_ 
output:
new_n831_
input:
G11 G28 G29 new_n616_ 
output:
new_n915_
input:
G106 G118 G130 G142 G2104 G2105 
output:
new_n1005_
input:
G104 G116 G128 G140 G2104 G2105 
output:
new_n756_
input:
G105 G117 G129 G141 G2104 G2105 
output:
new_n774_
input:
G103 G115 G127 G139 G2104 G2105 
output:
new_n825_
input:
G107 G119 G131 G2104 G2105 G95 
output:
new_n891_
input:
G53 G543 G65 G651 G78 G91 
output:
new_n539_
input:
G1384 G164 G40 new_n802_ 
output:
new_n1084_
input:
G1976 G1981 new_n551_ new_n563_ 
output:
new_n1105_
input:
G1348 G1384 G160 G164 G2067 G40 
output:
new_n1113_
input:
G1341 G1384 G160 G164 G1996 G40 
output:
new_n1118_
input:
G1384 G160 G164 G1956 G2072 G40 
output:
new_n1125_
input:
G166 G8 new_n1133_ 
output:
new_n1138_
input:
G1384 G160 G164 G1961 G2078 G40 
output:
new_n1141_
input:
G166 G8 new_n1084_ new_n1105_ new_n1133_ new_n1159_ 
output:
new_n1162_
input:
G168 G1966 G2084 G8 new_n1084_ new_n1105_ 
output:
new_n1169_
input:
G1384 G164 G40 new_n802_ 
output:
new_n1178_
input:
G1996 new_n774_ 
output:
new_n1186_
input:
G1384 G160 G164 G1991 G40 new_n891_ 
output:
new_n1196_
input:
G1986 new_n575_ 
output:
new_n1201_
input:
G1996 G2067 new_n1177_ new_n756_ new_n774_ 
output:
new_n1190_
input:
G1384 G164 G1991 G40 new_n802_ 
output:
new_n1191_
input:
G1996 G2067 new_n1177_ new_n756_ new_n774_ 
output:
new_n1211_
input:
G1384 G160 G164 G1986 G290 G40 
output:
new_n1214_
input:
new_n756_ new_n774_ new_n825_ new_n891_ 
output:
new_n1020_
input:
G49 G543 G651 G74 G87 
output:
new_n551_
input:
G543 G61 G651 G73 
output:
new_n562_
input:
G132 G2106 G44 G82 G96 new_n426_ 
output:
new_n513_
input:
G160 G29 G34 
output:
new_n805_
input:
G29 G33 new_n825_ 
output:
new_n829_
input:
G16 G4 new_n589_ 
output:
new_n837_
input:
G16 G168 G21 
output:
new_n850_
input:
G16 G166 G1971 G22 
output:
new_n871_
input:
G16 G49 G543 G651 G74 G87 
output:
new_n900_
input:
G16 G166 G22 
output:
new_n870_
input:
G162 G29 G35 
output:
new_n940_
input:
G101 G113 G125 G137 G2104 G2105 
output:
new_n802_
input:
G25 G29 new_n891_ 
output:
new_n894_
input:
G104 G116 G128 G140 G2104 G2105 
output:
new_n757_
input:
G29 G32 new_n774_ 
output:
new_n777_
input:
G1348 G16 G4 new_n589_ 
output:
new_n800_
input:
G16 G171 G1961 G5 
output:
new_n813_
input:
G1384 G160 G164 G1971 G2090 G40 
output:
new_n1133_
input:
G1981 new_n1097_ new_n563_ 
output:
new_n1159_
input:
G1384 G164 G40 new_n802_ 
output:
new_n1177_
input:
G1976 G49 G543 G651 G74 G87 
output:
new_n1097_
