input:
G50 G58 G68 G77 
output:
G353
input:
G107 G87 G97 
output:
G355
input:
G250 new_n105_ new_n121_ new_n134_ new_n137_ new_n98_ 
output:
G361
input:
G226 G232 G238 G244 new_n164_ 
output:
G358
input:
G107 G116 G50 G87 G97 new_n186_ 
output:
G351
input:
new_n386_ new_n458_ new_n500_ new_n543_ new_n555_ 
output:
G372
input:
new_n457_ new_n500_ new_n542_ new_n555_ new_n566_ new_n575_ 
output:
G369
input:
new_n262_ new_n359_ new_n375_ new_n380_ new_n585_ new_n598_ 
output:
G399
input:
G1 G330 new_n609_ new_n610_ new_n627_ new_n632_ 
output:
G364
input:
G330 new_n597_ new_n642_ new_n661_ new_n663_ new_n748_ 
output:
G396
input:
G330 new_n610_ new_n627_ new_n642_ new_n770_ new_n824_ 
output:
G384
input:
new_n836_ new_n856_ new_n862_ new_n868_ new_n873_ new_n886_ 
output:
G367
input:
new_n603_ new_n640_ new_n898_ new_n951_ new_n974_ new_n977_ 
output:
G387
input:
new_n1001_ new_n1051_ new_n603_ new_n629_ new_n640_ new_n960_ 
output:
G393
input:
new_n1120_ new_n601_ new_n603_ new_n640_ new_n961_ new_n967_ 
output:
G390
input:
new_n1182_ new_n1196_ new_n1201_ new_n603_ new_n640_ 
output:
G378
input:
new_n1198_ new_n1218_ new_n1226_ new_n1290_ new_n640_ new_n836_ 
output:
G375
input:
new_n1187_ new_n1194_ new_n1344_ new_n603_ new_n640_ new_n847_ 
output:
G381
input:
G375 G384 new_n1212_ new_n1354_ new_n1365_ 
output:
G407
input:
G213 G343 new_n1212_ new_n1293_ new_n1366_ 
output:
G409
input:
G213 G2897 G343 new_n1212_ new_n1293_ new_n1394_ 
output:
G405
input:
G384 new_n1212_ new_n1293_ new_n1354_ new_n1382_ new_n758_ 
output:
G402
input:
G1 G13 G20 G50 G58 G68 
output:
new_n105_
input:
G244 G257 G77 G97 new_n119_ 
output:
new_n121_
input:
G116 G232 G238 G270 G58 G68 
output:
new_n134_
input:
G1 G13 G20 
output:
new_n137_
input:
G1 G13 G20 G257 G264 G87 
output:
new_n98_
input:
G250 G257 G264 G270 
output:
new_n164_
input:
G58 G68 G77 
output:
new_n186_
input:
new_n272_ new_n313_ new_n349_ new_n383_ 
output:
new_n386_
input:
G169 G179 new_n402_ new_n419_ new_n439_ new_n450_ 
output:
new_n458_
input:
G169 G179 G190 G200 new_n473_ new_n487_ 
output:
new_n500_
input:
G190 G200 new_n450_ new_n503_ new_n524_ new_n535_ 
output:
new_n543_
input:
G190 G200 new_n402_ new_n419_ new_n523_ new_n552_ 
output:
new_n555_
input:
G169 G179 new_n402_ new_n419_ new_n439_ new_n450_ 
output:
new_n457_
input:
G190 G200 new_n450_ new_n503_ new_n523_ new_n535_ 
output:
new_n542_
input:
new_n457_ new_n473_ new_n492_ new_n497_ new_n543_ new_n554_ 
output:
new_n566_
input:
new_n306_ new_n312_ new_n349_ new_n569_ new_n571_ 
output:
new_n575_
input:
G169 G179 new_n224_ new_n241_ new_n254_ 
output:
new_n262_
input:
G1 G107 G13 G20 G33 new_n355_ 
output:
new_n359_
input:
G169 G179 new_n228_ new_n250_ new_n366_ new_n368_ 
output:
new_n375_
input:
G190 G200 new_n229_ new_n250_ new_n366_ new_n368_ 
output:
new_n380_
input:
G1 G13 G20 G213 G343 
output:
new_n585_
input:
G330 new_n224_ new_n261_ new_n264_ new_n267_ new_n585_ 
output:
new_n598_
input:
G1 G13 G20 G41 new_n608_ 
output:
new_n609_
input:
new_n306_ new_n311_ new_n342_ new_n349_ new_n569_ new_n585_ 
output:
new_n610_
input:
new_n271_ new_n312_ new_n348_ new_n382_ new_n585_ new_n624_ 
output:
new_n627_
input:
G41 G50 G58 G68 new_n88_ 
output:
new_n632_
input:
G190 G200 new_n224_ new_n256_ new_n261_ new_n585_ 
output:
new_n597_
input:
G1 G13 G20 G41 G45 
output:
new_n642_
input:
G1 G13 G20 new_n647_ new_n648_ new_n660_ 
output:
new_n661_
input:
G13 G20 G33 
output:
new_n663_
input:
G33 new_n665_ new_n673_ new_n720_ new_n724_ new_n743_ 
output:
new_n748_
input:
G190 G200 new_n402_ new_n419_ new_n423_ new_n585_ 
output:
new_n770_
input:
G13 G33 G77 new_n655_ new_n770_ new_n820_ 
output:
new_n824_
input:
G169 G179 new_n523_ new_n531_ new_n533_ new_n583_ 
output:
new_n836_
input:
G330 new_n559_ new_n627_ new_n770_ new_n840_ new_n847_ 
output:
new_n856_
input:
new_n766_ new_n828_ new_n841_ new_n843_ new_n848_ new_n857_ 
output:
new_n862_
input:
new_n457_ new_n500_ new_n543_ new_n555_ new_n566_ new_n610_ 
output:
new_n868_
input:
G1 G13 G20 
output:
new_n873_
input:
G50 G58 G68 G77 new_n86_ new_n884_ 
output:
new_n886_
input:
G1 G13 G20 G41 
output:
new_n603_
input:
G1 G13 G20 G45 
output:
new_n640_
input:
G169 G179 new_n285_ new_n302_ new_n310_ new_n585_ 
output:
new_n898_
input:
new_n655_ new_n663_ new_n893_ new_n899_ new_n947_ 
output:
new_n951_
input:
G330 new_n601_ new_n610_ new_n627_ new_n960_ new_n967_ 
output:
new_n974_
input:
G330 new_n586_ new_n592_ new_n597_ new_n963_ new_n967_ 
output:
new_n977_
input:
new_n1000_ new_n607_ new_n87_ new_n991_ new_n995_ 
output:
new_n1001_
input:
G33 new_n1024_ new_n1047_ new_n592_ new_n663_ new_n665_ 
output:
new_n1051_
input:
G330 new_n387_ new_n575_ new_n585_ new_n624_ 
output:
new_n629_
input:
G330 new_n224_ new_n261_ new_n271_ new_n585_ new_n592_ 
output:
new_n960_
input:
G13 G20 G33 new_n1069_ new_n1116_ new_n967_ 
output:
new_n1120_
input:
new_n359_ new_n375_ new_n380_ new_n567_ new_n585_ new_n599_ 
output:
new_n601_
input:
G330 new_n386_ new_n575_ new_n585_ new_n624_ new_n960_ 
output:
new_n961_
input:
G169 G179 new_n324_ new_n338_ new_n346_ new_n585_ 
output:
new_n967_
input:
G13 G33 G58 new_n1178_ new_n655_ new_n840_ 
output:
new_n1182_
input:
new_n1187_ new_n501_ new_n558_ new_n566_ new_n629_ new_n847_ 
output:
new_n1196_
input:
new_n1187_ new_n439_ new_n455_ new_n507_ new_n585_ new_n840_ 
output:
new_n1201_
input:
new_n1187_ new_n439_ new_n454_ new_n507_ new_n585_ new_n841_ 
output:
new_n1198_
input:
G190 G200 new_n473_ new_n487_ new_n496_ new_n584_ 
output:
new_n1218_
input:
new_n1187_ new_n1194_ new_n603_ new_n840_ new_n843_ new_n846_ 
output:
new_n1226_
input:
G50 new_n1218_ new_n1284_ new_n642_ new_n655_ new_n760_ 
output:
new_n1290_
input:
G330 new_n425_ new_n575_ new_n585_ new_n627_ new_n770_ 
output:
new_n1187_
input:
G330 new_n559_ new_n566_ new_n575_ new_n585_ new_n627_ 
output:
new_n1194_
input:
G13 G33 G68 new_n1340_ new_n655_ new_n847_ 
output:
new_n1344_
input:
G169 G179 new_n439_ new_n450_ new_n507_ new_n585_ 
output:
new_n847_
input:
new_n1182_ new_n1196_ new_n1201_ new_n603_ new_n640_ 
output:
new_n1212_
input:
new_n1191_ new_n1193_ new_n1344_ new_n566_ new_n603_ new_n640_ 
output:
new_n1354_
input:
new_n1129_ new_n1363_ new_n898_ new_n953_ new_n976_ new_n977_ 
output:
new_n1365_
input:
new_n1198_ new_n1218_ new_n1227_ new_n1290_ new_n640_ new_n836_ 
output:
new_n1293_
input:
G384 G390 new_n1063_ new_n1354_ new_n758_ new_n983_ 
output:
new_n1366_
input:
G384 new_n1063_ new_n1129_ new_n1354_ new_n758_ new_n983_ 
output:
new_n1394_
input:
new_n1063_ new_n1129_ new_n898_ new_n953_ new_n976_ new_n977_ 
output:
new_n1382_
input:
G330 new_n597_ new_n642_ new_n653_ new_n661_ new_n748_ 
output:
new_n758_
input:
G107 G226 G264 G50 
output:
new_n119_
input:
G169 G179 G190 G200 new_n224_ new_n256_ 
output:
new_n272_
input:
G169 G179 G190 G200 new_n285_ new_n302_ 
output:
new_n313_
input:
G169 G179 G190 G200 new_n324_ new_n338_ 
output:
new_n349_
input:
G169 G179 G190 G200 new_n359_ new_n371_ 
output:
new_n383_
input:
G1 G13 G20 G33 G77 new_n398_ 
output:
new_n402_
input:
G244 G274 new_n228_ new_n408_ new_n411_ 
output:
new_n419_
input:
G1 G13 G20 G33 G68 new_n434_ 
output:
new_n439_
input:
G238 G274 new_n228_ new_n411_ new_n445_ 
output:
new_n450_
input:
G1 G13 G20 G33 G50 new_n465_ 
output:
new_n473_
input:
G226 G274 new_n228_ new_n411_ new_n482_ 
output:
new_n487_
input:
G1 G13 G20 G33 G68 new_n434_ 
output:
new_n503_
input:
G1 G13 G20 G33 G58 new_n515_ 
output:
new_n524_
input:
G232 G274 new_n228_ new_n411_ new_n530_ 
output:
new_n535_
input:
G1 G13 G20 G33 G58 new_n515_ 
output:
new_n523_
input:
G169 G179 new_n229_ new_n413_ new_n530_ new_n532_ 
output:
new_n552_
input:
G190 G200 new_n229_ new_n413_ new_n482_ new_n484_ 
output:
new_n492_
input:
G169 G179 new_n228_ new_n413_ new_n482_ new_n484_ 
output:
new_n497_
input:
G169 G179 new_n228_ new_n523_ new_n530_ new_n533_ 
output:
new_n554_
input:
G169 G179 new_n285_ new_n302_ 
output:
new_n306_
input:
G169 G179 G190 G200 new_n285_ new_n302_ 
output:
new_n312_
input:
new_n224_ new_n261_ new_n359_ new_n375_ new_n380_ 
output:
new_n569_
input:
G169 G179 new_n320_ new_n323_ new_n338_ 
output:
new_n571_
input:
G1 G116 G13 G20 G33 new_n218_ 
output:
new_n224_
input:
G1 G13 G33 G41 new_n240_ 
output:
new_n241_
input:
G1 G270 G274 G41 G45 new_n228_ 
output:
new_n254_
input:
G116 G33 G87 
output:
new_n355_
input:
G1 G13 G33 G41 
output:
new_n228_
input:
G1 G13 G274 G33 G41 G45 
output:
new_n250_
input:
G1698 G250 G257 G294 G33 
output:
new_n366_
input:
G1 G13 G264 G33 G41 G45 
output:
new_n368_
input:
G1 G13 G33 G41 
output:
new_n229_
input:
G169 G179 new_n229_ new_n240_ new_n250_ new_n253_ 
output:
new_n261_
input:
G200 G270 G274 new_n228_ new_n240_ new_n248_ 
output:
new_n264_
input:
G190 G270 G274 new_n228_ new_n240_ new_n248_ 
output:
new_n267_
input:
G107 G116 G87 G97 
output:
new_n608_
input:
G190 G200 new_n285_ new_n302_ 
output:
new_n311_
input:
G169 G179 new_n320_ new_n323_ new_n338_ 
output:
new_n342_
input:
G169 G179 G190 G200 new_n224_ new_n256_ 
output:
new_n271_
input:
G169 G179 G190 G200 new_n324_ new_n338_ 
output:
new_n348_
input:
G169 G179 G190 G200 new_n359_ new_n371_ 
output:
new_n382_
input:
G179 new_n256_ new_n285_ new_n324_ new_n367_ new_n370_ 
output:
new_n624_
input:
G1 G13 G20 
output:
new_n88_
input:
G270 G274 new_n228_ new_n240_ new_n248_ 
output:
new_n256_
input:
G33 G45 G50 G58 G68 G77 
output:
new_n647_
input:
G107 G33 G87 G97 
output:
new_n648_
input:
G1 G116 G13 G169 G20 G33 
output:
new_n660_
input:
G1 G13 G169 G20 
output:
new_n665_
input:
G179 G190 G20 G200 G326 
output:
new_n673_
input:
new_n679_ new_n683_ new_n687_ new_n694_ new_n700_ new_n710_ 
output:
new_n720_
input:
G179 G190 G20 G200 G50 
output:
new_n724_
input:
new_n725_ new_n726_ new_n727_ new_n728_ new_n729_ new_n733_ 
output:
new_n743_
input:
G169 G179 new_n229_ new_n408_ new_n413_ new_n416_ 
output:
new_n423_
input:
G1 G13 G169 G20 
output:
new_n655_
input:
G33 new_n773_ new_n793_ new_n810_ new_n812_ new_n815_ 
output:
new_n820_
input:
G1 G13 G33 G41 new_n530_ 
output:
new_n531_
input:
G1 G232 G274 G41 G45 new_n228_ 
output:
new_n533_
input:
G1 G13 G20 G213 
output:
new_n583_
input:
new_n457_ new_n500_ new_n543_ new_n556_ 
output:
new_n559_
input:
G169 G179 new_n523_ new_n535_ new_n539_ new_n583_ 
output:
new_n840_
input:
G169 G179 new_n402_ new_n409_ new_n418_ new_n585_ 
output:
new_n766_
input:
G190 G200 new_n402_ new_n419_ new_n424_ new_n585_ 
output:
new_n828_
input:
G169 G179 new_n523_ new_n535_ new_n539_ new_n583_ 
output:
new_n841_
input:
G169 G179 new_n439_ new_n446_ new_n449_ new_n585_ 
output:
new_n843_
input:
G169 G179 new_n439_ new_n450_ new_n506_ new_n585_ 
output:
new_n848_
input:
new_n306_ new_n313_ new_n349_ new_n569_ new_n571_ new_n585_ 
output:
new_n857_
input:
G1 G13 
output:
new_n86_
input:
G1 G107 G116 G13 G20 G97 
output:
new_n884_
input:
G1 G250 G274 G45 new_n228_ new_n278_ 
output:
new_n285_
input:
G1 G13 G20 G33 G87 new_n298_ 
output:
new_n302_
input:
G190 G200 new_n229_ new_n278_ new_n280_ new_n283_ 
output:
new_n310_
input:
G1 G13 G20 G33 new_n164_ new_n891_ 
output:
new_n893_
input:
G169 G179 new_n285_ new_n302_ new_n310_ new_n585_ 
output:
new_n899_
input:
G143 G311 G33 new_n672_ new_n919_ new_n942_ 
output:
new_n947_
input:
new_n224_ new_n261_ new_n359_ new_n375_ new_n380_ new_n585_ 
output:
new_n586_
input:
G169 G179 new_n359_ new_n371_ new_n380_ new_n585_ 
output:
new_n592_
input:
G169 G179 G343 new_n324_ new_n338_ new_n583_ 
output:
new_n963_
input:
G1 G107 G13 G169 G20 G33 
output:
new_n1000_
input:
G107 G116 G87 G97 
output:
new_n607_
input:
G1 G13 G20 
output:
new_n87_
input:
G33 G45 G50 G58 G68 G77 
output:
new_n991_
input:
G226 G232 G238 G244 G33 G45 
output:
new_n995_
input:
new_n1003_ new_n1004_ new_n1005_ new_n1006_ new_n1007_ new_n1014_ 
output:
new_n1024_
input:
G50 new_n1027_ new_n1030_ new_n1034_ new_n1044_ new_n677_ 
output:
new_n1047_
input:
new_n272_ new_n312_ new_n349_ new_n383_ 
output:
new_n387_
input:
G107 G116 G87 G97 new_n1067_ new_n889_ 
output:
new_n1069_
input:
new_n1092_ new_n1098_ new_n1100_ new_n1104_ new_n1108_ new_n655_ 
output:
new_n1116_
input:
G169 G179 new_n224_ new_n241_ new_n254_ 
output:
new_n567_
input:
G330 new_n224_ new_n261_ new_n264_ new_n267_ new_n585_ 
output:
new_n599_
input:
G257 G274 new_n228_ new_n248_ new_n319_ 
output:
new_n324_
input:
G1 G13 G20 G33 G97 new_n334_ 
output:
new_n338_
input:
G190 G200 new_n229_ new_n250_ new_n319_ new_n321_ 
output:
new_n346_
input:
G33 new_n1134_ new_n1153_ new_n1164_ new_n1165_ new_n1173_ 
output:
new_n1178_
input:
new_n457_ new_n499_ 
output:
new_n501_
input:
new_n503_ new_n507_ new_n523_ new_n540_ new_n549_ new_n553_ 
output:
new_n558_
input:
G169 G179 new_n228_ new_n413_ new_n445_ new_n447_ 
output:
new_n455_
input:
G190 G200 new_n229_ new_n413_ new_n445_ new_n447_ 
output:
new_n507_
input:
G169 G179 new_n229_ new_n413_ new_n445_ new_n447_ 
output:
new_n454_
input:
G169 G179 new_n229_ new_n413_ new_n482_ new_n484_ 
output:
new_n496_
input:
G1 G13 G20 G213 
output:
new_n584_
input:
G169 G179 new_n439_ new_n450_ new_n506_ new_n587_ 
output:
new_n846_
input:
G41 G50 new_n1238_ new_n1254_ new_n1263_ new_n1279_ 
output:
new_n1284_
input:
G13 G33 
output:
new_n760_
input:
G169 G179 new_n402_ new_n409_ new_n413_ new_n416_ 
output:
new_n425_
input:
new_n1302_ new_n1316_ new_n1325_ new_n1326_ new_n1330_ new_n1334_ 
output:
new_n1340_
input:
G330 new_n610_ new_n627_ new_n766_ new_n769_ new_n847_ 
output:
new_n1191_
input:
G330 new_n458_ new_n499_ new_n557_ new_n610_ new_n627_ 
output:
new_n1193_
input:
new_n1119_ new_n601_ new_n603_ new_n640_ new_n961_ new_n967_ 
output:
new_n1129_
input:
new_n1053_ new_n603_ new_n629_ new_n640_ new_n758_ new_n960_ 
output:
new_n1363_
input:
new_n642_ new_n653_ new_n655_ new_n893_ new_n898_ new_n947_ 
output:
new_n953_
input:
G1 G13 G20 G41 G45 new_n974_ 
output:
new_n976_
input:
new_n1187_ new_n1194_ new_n603_ new_n840_ new_n843_ new_n846_ 
output:
new_n1227_
input:
new_n1052_ new_n603_ new_n629_ new_n640_ new_n960_ 
output:
new_n1063_
input:
new_n603_ new_n640_ new_n898_ new_n952_ new_n974_ new_n977_ 
output:
new_n983_
input:
G13 G20 G33 
output:
new_n653_
input:
G264 G274 new_n228_ new_n248_ new_n366_ 
output:
new_n371_
input:
G20 G33 G58 G77 G87 
output:
new_n398_
input:
G107 G1698 G232 G238 G33 
output:
new_n408_
input:
G1 G41 G45 
output:
new_n411_
input:
G20 G33 G50 G68 G77 
output:
new_n434_
input:
G1698 G226 G232 G33 G97 
output:
new_n445_
input:
G150 G20 G33 G50 G58 G68 
output:
new_n465_
input:
G1698 G222 G223 G33 G77 
output:
new_n482_
input:
G159 G20 G33 G58 G68 
output:
new_n515_
input:
G1698 G223 G226 G33 G87 
output:
new_n530_
input:
G1 G13 G274 G33 G41 G45 
output:
new_n413_
input:
G1 G13 G232 G33 G41 G45 
output:
new_n532_
input:
G1 G13 G226 G33 G41 G45 
output:
new_n484_
input:
G1 G13 G33 G41 new_n319_ 
output:
new_n320_
input:
G1 G257 G274 G41 G45 new_n228_ 
output:
new_n323_
input:
G116 G20 G283 G33 G97 
output:
new_n218_
input:
G1698 G257 G264 G303 G33 
output:
new_n240_
input:
G1 G13 G270 G33 G41 G45 
output:
new_n253_
input:
G1 G41 G45 
output:
new_n248_
input:
G1 G13 G33 G41 new_n366_ 
output:
new_n367_
input:
G1 G264 G274 G41 G45 new_n228_ 
output:
new_n370_
input:
G179 G190 G20 G200 G322 
output:
new_n679_
input:
G179 G190 G20 G200 G317 
output:
new_n683_
input:
G179 G190 G20 G200 G311 
output:
new_n687_
input:
G179 G190 G20 G200 G303 
output:
new_n694_
input:
G179 G190 G20 G200 G294 
output:
new_n700_
input:
G179 G190 G20 G200 G283 G329 
output:
new_n710_
input:
G179 G190 G20 G200 G58 
output:
new_n725_
input:
G179 G190 G20 G200 G68 
output:
new_n726_
input:
G179 G190 G20 G200 G77 
output:
new_n727_
input:
G179 G190 G20 G200 G87 
output:
new_n728_
input:
G179 G190 G20 G200 G97 
output:
new_n729_
input:
G107 G159 G179 G190 G20 G200 
output:
new_n733_
input:
G1 G13 G244 G33 G41 G45 
output:
new_n416_
input:
G137 G179 G190 G20 G200 
output:
new_n773_
input:
new_n775_ new_n776_ new_n777_ new_n778_ new_n779_ new_n784_ 
output:
new_n793_
input:
new_n798_ new_n803_ new_n807_ 
output:
new_n810_
input:
G179 G190 G20 G200 G87 
output:
new_n812_
input:
G107 G179 G190 G20 G200 G294 
output:
new_n815_
input:
G190 G200 new_n402_ new_n419_ new_n523_ new_n552_ 
output:
new_n556_
input:
G190 G200 new_n228_ new_n413_ new_n530_ new_n532_ 
output:
new_n539_
input:
G107 G1698 G232 G238 G33 new_n229_ 
output:
new_n409_
input:
G1 G244 G274 G41 G45 new_n228_ 
output:
new_n418_
input:
G169 G179 new_n229_ new_n408_ new_n413_ new_n416_ 
output:
new_n424_
input:
G1 G13 G33 G41 new_n445_ 
output:
new_n446_
input:
G1 G238 G274 G41 G45 new_n228_ 
output:
new_n449_
input:
G190 G200 new_n228_ new_n413_ new_n445_ new_n447_ 
output:
new_n506_
input:
G116 G1698 G238 G244 G33 
output:
new_n278_
input:
G107 G20 G33 G68 G87 G97 
output:
new_n298_
input:
G1 G274 G45 
output:
new_n280_
input:
G1 G13 G250 G33 G41 G45 
output:
new_n283_
input:
G1 G13 G169 G20 G33 G87 
output:
new_n891_
input:
G179 G190 G20 G200 
output:
new_n672_
input:
new_n902_ new_n903_ new_n904_ new_n905_ new_n906_ new_n910_ 
output:
new_n919_
input:
new_n925_ new_n926_ new_n927_ new_n928_ new_n929_ new_n933_ 
output:
new_n942_
input:
G179 G190 G20 G200 G322 
output:
new_n1003_
input:
G179 G190 G20 G200 G317 
output:
new_n1004_
input:
G179 G190 G20 G200 G311 
output:
new_n1005_
input:
G179 G190 G20 G200 G303 
output:
new_n1006_
input:
G179 G190 G20 G200 G294 
output:
new_n1007_
input:
G179 G190 G20 G200 G283 new_n1011_ 
output:
new_n1014_
input:
G179 G190 G20 G200 G33 G97 
output:
new_n1027_
input:
G150 G179 G190 G20 G200 G77 
output:
new_n1030_
input:
G179 G190 G20 G200 G58 G87 
output:
new_n1034_
input:
G159 G179 G190 G20 G200 G68 
output:
new_n1044_
input:
G179 G190 G20 G200 
output:
new_n677_
input:
G1 G13 G169 G20 G33 G97 
output:
new_n1067_
input:
G1 G13 G20 G33 
output:
new_n889_
input:
G303 new_n1075_ new_n1079_ new_n1082_ new_n1087_ new_n681_ 
output:
new_n1092_
input:
G179 G190 G20 G200 G50 new_n1097_ 
output:
new_n1098_
input:
G179 G190 G20 G200 G33 G87 
output:
new_n1100_
input:
G143 G179 G190 G20 G200 G68 
output:
new_n1104_
input:
G150 G179 G190 G20 G200 G77 
output:
new_n1108_
input:
G1698 G244 G250 G283 G33 
output:
new_n319_
input:
G107 G20 G33 G77 G97 
output:
new_n334_
input:
G1 G13 G257 G33 G41 G45 
output:
new_n321_
input:
G128 G179 G190 G20 G200 
output:
new_n1134_
input:
new_n1135_ new_n1136_ new_n1137_ new_n1138_ new_n1139_ new_n1144_ 
output:
new_n1153_
input:
G107 G179 G190 G20 G200 new_n1162_ 
output:
new_n1164_
input:
G179 G190 G20 G200 G33 G87 
output:
new_n1165_
input:
new_n1169_ new_n1171_ 
output:
new_n1173_
input:
G169 G179 G190 G200 new_n473_ new_n487_ 
output:
new_n499_
input:
G190 G200 new_n229_ new_n413_ new_n530_ new_n532_ 
output:
new_n540_
input:
G190 G200 new_n402_ new_n409_ new_n418_ 
output:
new_n549_
input:
G169 G179 new_n228_ new_n413_ new_n530_ new_n532_ 
output:
new_n553_
input:
G1 G13 G238 G33 G41 G45 
output:
new_n447_
input:
G1 G13 G20 G213 G343 
output:
new_n587_
input:
G179 G190 G20 G200 G97 new_n1236_ 
output:
new_n1238_
input:
G33 G41 G68 new_n1245_ new_n1249_ new_n699_ 
output:
new_n1254_
input:
G124 G179 G190 G20 G200 new_n1260_ 
output:
new_n1263_
input:
G33 G41 new_n1264_ new_n1272_ new_n1276_ 
output:
new_n1279_
input:
G143 G179 G190 G20 G200 new_n1301_ 
output:
new_n1302_
input:
G33 G58 new_n1309_ new_n1313_ new_n707_ 
output:
new_n1316_
input:
G107 G190 G200 G283 G294 new_n667_ 
output:
new_n1325_
input:
G179 G190 G20 G200 G33 G77 
output:
new_n1326_
input:
G179 G190 G20 G200 G303 G97 
output:
new_n1330_
input:
G116 G179 G190 G20 G200 G87 
output:
new_n1334_
input:
G190 G200 new_n402_ new_n419_ new_n423_ new_n585_ 
output:
new_n769_
input:
new_n503_ new_n507_ new_n523_ new_n540_ new_n549_ new_n553_ 
output:
new_n557_
input:
G13 G20 G33 new_n1069_ new_n1116_ new_n967_ 
output:
new_n1119_
input:
G33 new_n1049_ new_n652_ new_n954_ new_n997_ new_n999_ 
output:
new_n1053_
input:
new_n1048_ new_n592_ new_n653_ new_n655_ new_n997_ new_n999_ 
output:
new_n1052_
input:
G33 new_n651_ new_n665_ new_n893_ new_n899_ new_n947_ 
output:
new_n952_
input:
G143 G179 G190 G20 G200 
output:
new_n775_
input:
G150 G179 G190 G20 G200 
output:
new_n776_
input:
G159 G179 G190 G20 G200 
output:
new_n777_
input:
G179 G190 G20 G200 G50 
output:
new_n778_
input:
G179 G190 G20 G200 G58 
output:
new_n779_
input:
G132 G179 G190 G20 G200 G68 
output:
new_n784_
input:
G179 G190 G20 G200 G33 G97 
output:
new_n798_
input:
G179 G190 G20 G200 G303 G311 
output:
new_n803_
input:
G116 G179 G190 G20 G200 G283 
output:
new_n807_
input:
G150 G179 G190 G20 G200 
output:
new_n902_
input:
G159 G179 G190 G20 G200 
output:
new_n903_
input:
G179 G190 G20 G200 G50 
output:
new_n904_
input:
G179 G190 G20 G200 G58 
output:
new_n905_
input:
G179 G190 G20 G200 G68 
output:
new_n906_
input:
G137 G179 G190 G20 G200 G77 
output:
new_n910_
input:
G179 G190 G20 G200 G303 
output:
new_n925_
input:
G179 G190 G20 G200 G294 
output:
new_n926_
input:
G179 G190 G20 G200 G283 
output:
new_n927_
input:
G116 G179 G190 G20 G200 
output:
new_n928_
input:
G107 G179 G190 G20 G200 
output:
new_n929_
input:
G179 G190 G20 G200 G317 G97 
output:
new_n933_
input:
G116 G179 G190 G20 G200 G326 
output:
new_n1011_
input:
G179 G190 G20 G200 G283 G317 
output:
new_n1075_
input:
G107 G179 G190 G20 G200 G33 
output:
new_n1079_
input:
G179 G190 G20 G200 G311 G322 
output:
new_n1082_
input:
G116 G179 G190 G20 G200 G294 
output:
new_n1087_
input:
G179 G190 G20 G200 
output:
new_n681_
input:
G159 G179 G190 G20 G200 G58 
output:
new_n1097_
input:
G132 G179 G190 G20 G200 
output:
new_n1135_
input:
G137 G179 G190 G20 G200 
output:
new_n1136_
input:
G143 G179 G190 G20 G200 
output:
new_n1137_
input:
G150 G179 G190 G20 G200 
output:
new_n1138_
input:
G159 G179 G190 G20 G200 
output:
new_n1139_
input:
G125 G179 G190 G20 G200 G50 
output:
new_n1144_
input:
G116 G179 G190 G20 G200 G294 
output:
new_n1162_
input:
G179 G190 G20 G200 G283 G97 
output:
new_n1169_
input:
G179 G190 G20 G200 G68 G77 
output:
new_n1171_
input:
G179 G190 G20 G200 G283 G58 
output:
new_n1236_
input:
G116 G179 G190 G20 G200 G77 
output:
new_n1245_
input:
G107 G179 G190 G20 G200 G87 
output:
new_n1249_
input:
G179 G190 G20 G200 
output:
new_n699_
input:
G125 G137 G179 G190 G20 G200 
output:
new_n1260_
input:
G128 G179 G190 G20 G200 
output:
new_n1264_
input:
G143 G159 G179 G190 G20 G200 
output:
new_n1272_
input:
G132 G150 G179 G190 G20 G200 
output:
new_n1276_
input:
G132 G159 G179 G190 G20 G200 
output:
new_n1301_
input:
G128 G137 G179 G190 G20 G200 
output:
new_n1309_
input:
G150 G179 G190 G20 G200 G50 
output:
new_n1313_
input:
G179 G190 G20 G200 
output:
new_n707_
input:
G179 G20 
output:
new_n667_
input:
G33 new_n1003_ new_n1021_ new_n1039_ new_n1046_ new_n665_ 
output:
new_n1049_
input:
G13 G20 
output:
new_n652_
input:
G169 G179 new_n359_ new_n371_ new_n380_ new_n585_ 
output:
new_n954_
input:
G1 G13 G20 new_n607_ new_n991_ new_n995_ 
output:
new_n997_
input:
G1 G107 G13 G169 G20 G33 
output:
new_n999_
input:
G33 new_n1003_ new_n1021_ new_n1038_ new_n1045_ 
output:
new_n1048_
input:
G13 G20 
output:
new_n651_
input:
new_n1004_ new_n1005_ new_n1006_ new_n1007_ new_n1008_ new_n1012_ 
output:
new_n1021_
input:
new_n1027_ new_n1031_ new_n1035_ 
output:
new_n1039_
input:
G159 G190 G200 G50 G68 new_n667_ 
output:
new_n1046_
input:
G190 G33 G97 new_n1031_ new_n1035_ new_n691_ 
output:
new_n1038_
input:
G159 G190 G200 G50 G68 new_n667_ 
output:
new_n1045_
input:
G179 G190 G20 G200 G283 
output:
new_n1008_
input:
G116 G179 G190 G20 G200 G326 
output:
new_n1012_
input:
G150 G179 G190 G20 G200 G77 
output:
new_n1031_
input:
G179 G190 G20 G200 G58 G87 
output:
new_n1035_
input:
G179 G20 G200 
output:
new_n691_
