input:
G141 
output:
G144
input:
G293 
output:
G298
input:
G3173 
output:
G973
input:
G545 
output:
G594
input:
G348 
output:
G599
input:
G366 
output:
G600
input:
G552 G562 
output:
G601
input:
G549 
output:
G602
input:
G545 
output:
G603
input:
G545 
output:
G604
input:
G338 
output:
G611
input:
G358 
output:
G612
input:
G141 G145 
output:
G810
input:
G245 
output:
G848
input:
G552 
output:
G849
input:
G562 
output:
G850
input:
G559 
output:
G851
input:
G1 G373 
output:
G634
input:
G136 G3173 
output:
G815
input:
G27 G2824 
output:
G845
input:
G386 G556 
output:
G847
input:
G137 
output:
G926
input:
G141 
output:
G923
input:
G1 
output:
G921
input:
G549 
output:
G892
input:
G299 
output:
G887
input:
G549 
output:
G606
input:
G140 G27 G31 
output:
G656
input:
G27 G31 
output:
G809
input:
G1 
output:
G993
input:
G1 
output:
G978
input:
G1 
output:
G949
input:
G1 
output:
G939
input:
G299 
output:
G889
input:
G299 
output:
G593
input:
G2358 G27 G31 G86 G87 
output:
G636
input:
G2358 G27 G31 G34 G88 
output:
G704
input:
G2358 G27 G31 G34 G88 
output:
G717
input:
G27 G31 G83 
output:
G820
input:
G141 G2358 G24 G25 G27 G31 
output:
G639
input:
G141 G2358 G26 G27 G31 G81 
output:
G673
input:
G141 G23 G2358 G27 G31 G79 
output:
G707
input:
G141 G2358 G27 G31 G80 G82 
output:
G715
input:
new_n397_ new_n410_ new_n427_ new_n440_ new_n483_ 
output:
G598
input:
new_n553_ new_n566_ new_n579_ new_n599_ new_n612_ new_n625_ 
output:
G610
input:
new_n638_ new_n647_ new_n675_ new_n686_ new_n695_ new_n712_ 
output:
G588
input:
G523 new_n734_ new_n743_ new_n746_ new_n757_ new_n789_ 
output:
G615
input:
G523 new_n734_ new_n743_ new_n746_ new_n757_ new_n789_ 
output:
G626
input:
new_n638_ new_n647_ new_n675_ new_n686_ new_n695_ new_n712_ 
output:
G632
input:
G302 G308 G316 G361 G369 new_n815_ 
output:
G1002
input:
G206 G234 G257 G289 new_n842_ 
output:
G1004
input:
G435 new_n634_ new_n686_ new_n714_ new_n867_ new_n878_ 
output:
G591
input:
new_n724_ new_n779_ new_n788_ new_n887_ new_n889_ new_n894_ 
output:
G618
input:
G435 new_n634_ new_n686_ new_n714_ new_n867_ new_n878_ 
output:
G621
input:
new_n724_ new_n779_ new_n788_ new_n887_ new_n889_ new_n894_ 
output:
G629
input:
G131 G4091 G4092 G54 new_n756_ new_n915_ 
output:
G822
input:
G129 G4091 G4092 new_n455_ new_n742_ new_n907_ 
output:
G838
input:
G117 G4091 G4092 new_n625_ new_n937_ 
output:
G861
input:
new_n769_ new_n777_ new_n782_ new_n786_ new_n894_ new_n950_ 
output:
G623
input:
G11 G4087 G4088 G61 G822 G861 
output:
G722
input:
new_n726_ new_n729_ new_n906_ new_n947_ new_n978_ new_n985_ 
output:
G832
input:
G130 G4091 G4092 new_n732_ new_n946_ new_n997_ 
output:
G834
input:
G119 G4091 G4092 new_n1008_ new_n1010_ 
output:
G836
input:
G11 G4089 G4090 G61 G822 G861 
output:
G859
input:
G122 G4091 G4092 new_n1036_ new_n536_ new_n638_ 
output:
G871
input:
new_n1049_ new_n1050_ new_n1059_ new_n646_ new_n865_ new_n906_ 
output:
G873
input:
G127 G4091 G4092 new_n1075_ new_n1078_ 
output:
G875
input:
G126 G4091 G4092 new_n1065_ new_n1090_ new_n662_ 
output:
G877
input:
G308 G315 G332 new_n1109_ new_n1129_ 
output:
G998
input:
G289 G292 G335 new_n1151_ new_n1167_ 
output:
G1000
input:
G457 new_n1177_ new_n1191_ new_n1209_ new_n686_ new_n698_ 
output:
G575
input:
new_n1244_ new_n778_ new_n782_ new_n786_ new_n894_ new_n950_ 
output:
G585
input:
G137 G1689 G1690 G822 G861 new_n1255_ 
output:
G661
input:
G137 G1691 G1694 G822 G861 new_n1272_ 
output:
G693
input:
G37 G4087 G4088 G43 G871 new_n1289_ 
output:
G747
input:
G4087 G4088 G834 new_n1049_ new_n1060_ new_n1298_ 
output:
G752
input:
G17 G4087 G4088 G73 G836 G875 
output:
G757
input:
G4087 G4088 G67 G70 G838 G877 
output:
G762
input:
G37 G4089 G4090 G43 G871 new_n1333_ 
output:
G787
input:
G4089 G4090 G834 new_n1049_ new_n1060_ new_n1342_ 
output:
G792
input:
G17 G4089 G4090 G73 G836 G875 
output:
G797
input:
G4089 G4090 G67 G70 G838 G877 
output:
G802
input:
G137 G1689 G1690 G871 new_n1375_ new_n1377_ 
output:
G642
input:
G137 G1689 G1690 G838 G877 new_n1386_ 
output:
G664
input:
G137 G1689 G1690 G836 G875 new_n1397_ 
output:
G667
input:
G137 G1689 G1690 G834 G873 new_n1408_ 
output:
G670
input:
G137 G1691 G1694 G871 new_n1419_ new_n1421_ 
output:
G676
input:
G137 G1691 G1694 G838 G877 new_n1430_ 
output:
G696
input:
G137 G1691 G1694 G836 G875 new_n1441_ 
output:
G699
input:
G137 G1691 G1694 G834 G873 new_n1452_ 
output:
G702
input:
G3724 new_n1464_ new_n1479_ new_n782_ new_n786_ new_n953_ 
output:
G818
input:
G132 new_n768_ new_n776_ new_n786_ new_n894_ new_n950_ 
output:
G813
input:
new_n1485_ new_n1487_ new_n782_ new_n786_ new_n906_ new_n953_ 
output:
G824
input:
G121 G4091 G4092 new_n1495_ new_n786_ new_n952_ 
output:
G826
input:
new_n1223_ new_n1500_ new_n1504_ new_n768_ new_n775_ new_n905_ 
output:
G828
input:
G112 G4091 G4092 new_n1511_ new_n776_ new_n950_ 
output:
G830
input:
G1004 new_n1113_ new_n1129_ new_n1156_ new_n1167_ new_n1523_ 
output:
G854
input:
new_n1182_ new_n1531_ new_n1534_ new_n686_ new_n700_ new_n905_ 
output:
G863
input:
G114 G4091 G4092 new_n1177_ new_n599_ new_n702_ 
output:
G865
input:
G4091 G4092 G53 new_n1175_ new_n1551_ new_n710_ 
output:
G867
input:
G113 G4091 G4092 new_n1173_ new_n518_ new_n694_ 
output:
G869
input:
new_n1023_ new_n1531_ new_n1532_ new_n1534_ new_n1569_ new_n1571_ 
output:
G712
input:
new_n1531_ new_n1532_ new_n1534_ new_n1580_ new_n1582_ new_n968_ 
output:
G727
input:
G4087 G4088 G46 G49 G826 G865 
output:
G732
input:
G4087 G4088 G828 new_n1548_ new_n1553_ new_n1602_ 
output:
G737
input:
G4087 G4088 G830 new_n1557_ new_n1562_ new_n1613_ 
output:
G742
input:
G4089 G4090 G46 G49 G826 G865 
output:
G772
input:
G4089 G4090 G828 new_n1548_ new_n1553_ new_n1635_ 
output:
G777
input:
G4089 G4090 G830 new_n1557_ new_n1562_ new_n1646_ 
output:
G782
input:
G137 G1689 G1690 G830 G869 new_n1657_ 
output:
G645
input:
G137 new_n1257_ new_n1548_ new_n1553_ new_n1668_ new_n1670_ 
output:
G648
input:
G137 G1689 G1690 G826 G865 new_n1679_ 
output:
G651
input:
G137 new_n1256_ new_n1531_ new_n1535_ new_n1690_ new_n1692_ 
output:
G654
input:
G137 G1691 G1694 G830 G869 new_n1701_ 
output:
G679
input:
G137 new_n1274_ new_n1548_ new_n1553_ new_n1712_ new_n1714_ 
output:
G682
input:
G137 G1691 G1694 G826 G865 new_n1723_ 
output:
G685
input:
G137 new_n1273_ new_n1531_ new_n1535_ new_n1734_ new_n1736_ 
output:
G688
input:
G120 G4091 G4092 new_n1767_ new_n1816_ new_n1893_ 
output:
G843
input:
G118 G4091 G4092 new_n1942_ new_n1994_ new_n2128_ 
output:
G882
input:
G14 G4087 G4088 G64 new_n2139_ new_n2143_ 
output:
G767
input:
G14 G4089 G4090 G64 new_n2139_ new_n2143_ 
output:
G807
input:
G137 G1689 G1690 new_n2139_ new_n2143_ new_n2164_ 
output:
G658
input:
G137 G1691 G1694 new_n2139_ new_n2143_ new_n2176_ 
output:
G690
input:
G242 G248 G251 G254 G308 G479 
output:
new_n397_
input:
G242 G248 G251 G254 G316 G490 
output:
new_n410_
input:
G324 G3546 G3548 G3550 G3552 G503 
output:
new_n427_
input:
G341 G3546 G3548 G3550 G3552 G523 
output:
new_n440_
input:
G3546 G3552 G514 new_n455_ new_n468_ new_n472_ 
output:
new_n483_
input:
new_n502_ new_n518_ new_n536_ new_n549_ 
output:
new_n553_
input:
G257 G3546 G3548 G3550 G3552 G389 
output:
new_n566_
input:
G265 G3546 G3548 G3550 G3552 G400 
output:
new_n579_
input:
G210 G3546 G3548 G3550 G3552 G457 
output:
new_n599_
input:
G206 G242 G248 G251 G254 G446 
output:
new_n612_
input:
G281 G3546 G3548 G3550 G3552 G374 
output:
new_n625_
input:
G234 G241 G335 G435 
output:
new_n638_
input:
G257 G264 G335 G389 
output:
new_n647_
input:
G265 G272 G335 G400 new_n654_ new_n662_ 
output:
new_n675_
input:
G206 G209 G335 G446 
output:
new_n686_
input:
G226 G233 G335 G422 
output:
new_n695_
input:
G210 G217 G335 G457 G468 new_n706_ 
output:
new_n712_
input:
G324 G331 G332 G338 G503 G514 
output:
new_n734_
input:
G332 G351 G358 G534 
output:
new_n743_
input:
G332 G341 G348 
output:
new_n746_
input:
G332 G361 G366 
output:
new_n757_
input:
G316 G323 G332 G490 new_n768_ new_n787_ 
output:
new_n789_
input:
G293 G324 G341 G351 
output:
new_n815_
input:
G210 G218 G226 G265 G273 G281 
output:
new_n842_
input:
G234 G241 G335 
output:
new_n634_
input:
G218 G225 G335 G468 new_n694_ new_n702_ 
output:
new_n714_
input:
G389 G400 new_n642_ new_n666_ new_n863_ 
output:
new_n867_
input:
G206 G209 G335 G446 new_n876_ 
output:
new_n878_
input:
G324 G331 G332 G503 
output:
new_n724_
input:
G308 G315 G332 G479 new_n776_ 
output:
new_n779_
input:
G293 G299 G302 G307 G332 
output:
new_n788_
input:
G523 new_n729_ new_n741_ new_n742_ new_n746_ new_n756_ 
output:
new_n887_
input:
G324 G331 G332 G338 G503 G514 
output:
new_n889_
input:
G308 G315 G332 G479 G490 new_n772_ 
output:
new_n894_
input:
G332 G361 G366 
output:
new_n756_
input:
G248 G251 G361 G4091 G4092 
output:
new_n915_
input:
G351 G3546 G3548 G3550 G3552 G534 
output:
new_n455_
input:
G332 G351 G358 G534 
output:
new_n742_
input:
G332 G361 G366 G54 
output:
new_n907_
input:
G281 G288 G335 G374 G4 
output:
new_n937_
input:
G308 G315 G332 G479 
output:
new_n769_
input:
G316 G323 G332 G490 
output:
new_n777_
input:
G293 G299 G332 
output:
new_n782_
input:
G302 G307 G332 
output:
new_n786_
input:
G332 G338 G503 G514 new_n722_ new_n946_ 
output:
new_n950_
input:
G324 G331 G332 G503 
output:
new_n726_
input:
G332 G338 G514 
output:
new_n729_
input:
G4091 G4092 
output:
new_n906_
input:
G523 G534 new_n731_ new_n738_ new_n746_ new_n907_ 
output:
new_n947_
input:
G4091 G4092 G52 
output:
new_n978_
input:
G4091 G4092 new_n427_ 
output:
new_n985_
input:
G332 G338 G514 
output:
new_n732_
input:
G523 G534 new_n738_ new_n746_ new_n907_ 
output:
new_n946_
input:
G3546 G3552 G514 
output:
new_n997_
input:
G332 G351 G358 G534 new_n750_ new_n907_ 
output:
new_n1008_
input:
G341 G3546 G3548 G3550 G3552 G523 
output:
new_n1010_
input:
G389 G4 new_n642_ new_n669_ new_n674_ new_n864_ 
output:
new_n1036_
input:
G234 G3546 G3548 G3550 G3552 G435 
output:
new_n536_
input:
G128 G4091 G4092 
output:
new_n1049_
input:
G4 G411 new_n654_ new_n658_ new_n670_ 
output:
new_n1050_
input:
G4091 G4092 new_n1058_ 
output:
new_n1059_
input:
G257 G264 G335 G389 
output:
new_n646_
input:
G400 G411 new_n658_ new_n666_ new_n860_ 
output:
new_n865_
input:
G273 G280 G335 G411 new_n1065_ new_n670_ 
output:
new_n1075_
input:
G265 G3546 G3548 G3550 G3552 G400 
output:
new_n1078_
input:
G281 G288 G335 G374 G4 
output:
new_n1065_
input:
G273 G3546 G3548 G3550 G3552 G411 
output:
new_n1090_
input:
G273 G280 G335 G411 
output:
new_n662_
input:
G316 G323 G332 G361 G366 new_n1101_ 
output:
new_n1109_
input:
G332 G341 G348 G369 G372 new_n1120_ 
output:
new_n1129_
input:
G206 G209 G335 new_n1139_ new_n1147_ 
output:
new_n1151_
input:
G218 G225 G234 G241 G335 new_n1159_ 
output:
new_n1167_
input:
G468 new_n1038_ new_n636_ new_n692_ new_n694_ new_n706_ 
output:
new_n1177_
input:
G422 G435 new_n1036_ new_n634_ new_n690_ new_n710_ 
output:
new_n1191_
input:
G435 new_n1036_ new_n1204_ new_n634_ new_n694_ 
output:
new_n1209_
input:
G210 G217 G335 
output:
new_n698_
input:
G490 new_n1239_ new_n768_ new_n772_ new_n950_ 
output:
new_n1244_
input:
G308 G315 G332 G479 G490 new_n772_ 
output:
new_n778_
input:
G1689 G1690 G182 G185 
output:
new_n1255_
input:
G1691 G1694 G182 G185 
output:
new_n1272_
input:
G4091 G4092 G52 new_n427_ new_n970_ new_n981_ 
output:
new_n1289_
input:
G4091 G4092 new_n1050_ new_n1058_ new_n646_ new_n865_ 
output:
new_n1060_
input:
G20 G4087 G4088 G76 
output:
new_n1298_
input:
G4091 G4092 G52 new_n1025_ new_n427_ new_n981_ 
output:
new_n1333_
input:
G20 G4089 G4090 G76 
output:
new_n1342_
input:
G1689 G1690 G170 G200 
output:
new_n1375_
input:
G4091 G4092 G52 new_n1259_ new_n427_ new_n981_ 
output:
new_n1377_
input:
G158 G1689 G1690 G188 
output:
new_n1386_
input:
G152 G155 G1689 G1690 
output:
new_n1397_
input:
G146 G149 G1689 G1690 
output:
new_n1408_
input:
G1691 G1694 G170 G200 
output:
new_n1419_
input:
G4091 G4092 G52 new_n1276_ new_n427_ new_n981_ 
output:
new_n1421_
input:
G158 G1691 G1694 G188 
output:
new_n1430_
input:
G152 G155 G1691 G1694 
output:
new_n1441_
input:
G146 G149 G1691 G1694 
output:
new_n1452_
input:
G123 G3717 G3724 
output:
new_n1464_
input:
G135 G4115 new_n1474_ new_n1477_ 
output:
new_n1479_
input:
G503 new_n722_ new_n729_ new_n779_ new_n894_ new_n947_ 
output:
new_n953_
input:
G308 G315 G332 G479 
output:
new_n768_
input:
G316 G323 G332 G490 
output:
new_n776_
input:
G123 G4091 G4092 
output:
new_n1485_
input:
G242 G254 G293 G4091 G4092 
output:
new_n1487_
input:
G248 G251 G302 G4091 G4092 
output:
new_n1495_
input:
G503 new_n722_ new_n729_ new_n778_ new_n894_ new_n947_ 
output:
new_n952_
input:
G503 G514 new_n722_ new_n728_ new_n776_ new_n946_ 
output:
new_n1223_
input:
G116 G4091 G4092 
output:
new_n1500_
input:
G4091 G4092 new_n1503_ 
output:
new_n1504_
input:
G316 G323 G332 G490 
output:
new_n775_
input:
G4091 G4092 
output:
new_n905_
input:
G242 G248 G251 G254 G316 G490 
output:
new_n1511_
input:
G316 G323 G332 new_n1101_ new_n756_ new_n764_ 
output:
new_n1113_
input:
G289 G292 G335 new_n1139_ new_n1147_ new_n682_ 
output:
new_n1156_
input:
G302 G308 G316 new_n1521_ new_n799_ new_n815_ 
output:
new_n1523_
input:
G422 G468 new_n1173_ new_n690_ new_n701_ new_n706_ 
output:
new_n1182_
input:
G115 G4091 G4092 
output:
new_n1531_
input:
G4091 G4092 new_n1533_ 
output:
new_n1534_
input:
G210 G217 G335 G457 
output:
new_n700_
input:
G210 G217 G335 G457 
output:
new_n702_
input:
G226 G233 G335 G422 new_n1038_ new_n636_ 
output:
new_n1175_
input:
G218 G3546 G3548 G3550 G3552 G468 
output:
new_n1551_
input:
G218 G225 G335 G468 
output:
new_n710_
input:
G4 new_n636_ new_n639_ new_n645_ new_n676_ new_n866_ 
output:
new_n1173_
input:
G226 G3546 G3548 G3550 G3552 G422 
output:
new_n518_
input:
G226 G233 G335 G422 
output:
new_n694_
input:
G4089 G4090 
output:
new_n1023_
input:
G4091 G4092 G457 new_n1177_ new_n686_ new_n698_ 
output:
new_n1532_
input:
G106 G109 G4089 G4090 
output:
new_n1569_
input:
new_n1026_ new_n1485_ new_n1487_ new_n782_ new_n906_ new_n954_ 
output:
new_n1571_
input:
G106 G109 G4087 G4088 
output:
new_n1580_
input:
new_n1485_ new_n1487_ new_n782_ new_n906_ new_n954_ new_n971_ 
output:
new_n1582_
input:
G4087 G4088 
output:
new_n968_
input:
G4091 G4092 G53 
output:
new_n1548_
input:
G422 new_n1173_ new_n1552_ new_n690_ new_n710_ new_n906_ 
output:
new_n1553_
input:
G100 G103 G4087 G4088 
output:
new_n1602_
input:
G113 G4091 G4092 
output:
new_n1557_
input:
G4091 G4092 new_n1038_ new_n1560_ new_n636_ new_n694_ 
output:
new_n1562_
input:
G40 G4087 G4088 G91 
output:
new_n1613_
input:
G100 G103 G4089 G4090 
output:
new_n1635_
input:
G40 G4089 G4090 G91 
output:
new_n1646_
input:
G1689 G1690 G173 G203 
output:
new_n1657_
input:
G1689 G1690 
output:
new_n1257_
input:
G167 G1689 G1690 G197 
output:
new_n1668_
input:
new_n1224_ new_n1226_ new_n1260_ new_n1500_ new_n1504_ new_n906_ 
output:
new_n1670_
input:
G164 G1689 G1690 G194 
output:
new_n1679_
input:
G1689 G1690 
output:
new_n1256_
input:
G457 new_n1177_ new_n1534_ new_n686_ new_n698_ new_n905_ 
output:
new_n1535_
input:
G161 G1689 G1690 G191 
output:
new_n1690_
input:
new_n1260_ new_n1485_ new_n1487_ new_n782_ new_n906_ new_n954_ 
output:
new_n1692_
input:
G1691 G1694 G173 G203 
output:
new_n1701_
input:
G1691 G1694 
output:
new_n1274_
input:
G167 G1691 G1694 G197 
output:
new_n1712_
input:
new_n1224_ new_n1226_ new_n1277_ new_n1500_ new_n1504_ new_n906_ 
output:
new_n1714_
input:
G164 G1691 G1694 G194 
output:
new_n1723_
input:
G1691 G1694 
output:
new_n1273_
input:
G161 G1691 G1694 G191 
output:
new_n1734_
input:
new_n1277_ new_n1485_ new_n1487_ new_n782_ new_n906_ new_n954_ 
output:
new_n1736_
input:
G2174 new_n1120_ new_n1752_ new_n1761_ new_n761_ new_n891_ 
output:
new_n1767_
input:
G2174 new_n1779_ new_n1793_ new_n1812_ new_n756_ 
output:
new_n1816_
input:
G4091 new_n1832_ new_n1834_ new_n1846_ new_n1857_ new_n1881_ 
output:
new_n1893_
input:
G422 new_n1905_ new_n1914_ new_n1934_ new_n686_ new_n690_ 
output:
new_n1942_
input:
G1497 new_n1960_ new_n1965_ new_n1973_ new_n1983_ new_n646_ 
output:
new_n1994_
input:
G4091 G4092 new_n2011_ new_n2022_ new_n2119_ new_n612_ 
output:
new_n2128_
input:
G4091 G4092 G97 new_n1942_ new_n1994_ new_n2128_ 
output:
new_n2139_
input:
G4091 G4092 G94 new_n1767_ new_n1816_ new_n1893_ 
output:
new_n2143_
input:
G1689 G1690 G176 G179 
output:
new_n2164_
input:
G1691 G1694 G176 G179 
output:
new_n2176_
input:
G242 G248 G251 G254 G293 G302 
output:
new_n468_
input:
G248 G251 G361 
output:
new_n472_
input:
G218 G3546 G3548 G3550 G3552 G468 
output:
new_n502_
input:
G273 G3546 G3548 G3550 G3552 G411 
output:
new_n549_
input:
G281 G288 G335 G374 
output:
new_n654_
input:
G218 G225 G335 
output:
new_n706_
input:
G293 G299 G302 G307 G332 
output:
new_n787_
input:
G257 G264 G335 
output:
new_n642_
input:
G265 G272 G335 
output:
new_n666_
input:
G273 G280 G335 G411 new_n652_ 
output:
new_n863_
input:
G457 G468 new_n692_ new_n698_ new_n706_ 
output:
new_n876_
input:
G332 G351 G358 G534 
output:
new_n741_
input:
G316 G323 G332 
output:
new_n772_
input:
G324 G331 G332 
output:
new_n722_
input:
G332 G338 G514 
output:
new_n731_
input:
G332 G351 G358 
output:
new_n738_
input:
G332 G341 G348 G523 
output:
new_n750_
input:
G265 G272 G335 G400 
output:
new_n669_
input:
G273 G280 G335 G411 new_n654_ new_n670_ 
output:
new_n674_
input:
G273 G280 G335 G411 new_n652_ new_n668_ 
output:
new_n864_
input:
G273 G280 G335 
output:
new_n658_
input:
G265 G272 G335 G400 
output:
new_n670_
input:
G257 G3546 G3548 G3550 G3552 G389 
output:
new_n1058_
input:
G281 G288 G335 G374 
output:
new_n860_
input:
G324 G331 G332 G338 G351 G358 
output:
new_n1101_
input:
G293 G299 G302 G307 G332 
output:
new_n1120_
input:
G210 G217 G226 G233 G335 
output:
new_n1139_
input:
G265 G272 G281 G288 G335 
output:
new_n1147_
input:
G257 G264 G273 G280 G335 
output:
new_n1159_
input:
G389 G4 new_n638_ new_n642_ new_n674_ new_n865_ 
output:
new_n1038_
input:
G234 G241 G335 G435 
output:
new_n636_
input:
G226 G233 G335 G422 
output:
new_n692_
input:
G226 G233 G335 
output:
new_n690_
input:
G4 new_n1075_ new_n1201_ new_n646_ new_n675_ new_n865_ 
output:
new_n1204_
input:
G332 G338 G514 new_n1235_ new_n726_ new_n946_ 
output:
new_n1239_
input:
G4087 G4088 
output:
new_n970_
input:
G332 G338 G503 G514 new_n722_ new_n946_ 
output:
new_n981_
input:
G4089 G4090 
output:
new_n1025_
input:
G1689 G1690 
output:
new_n1259_
input:
G1691 G1694 
output:
new_n1276_
input:
G132 G293 G299 G332 G3724 
output:
new_n1474_
input:
G242 G254 G293 G3717 G3724 
output:
new_n1477_
input:
G332 G338 
output:
new_n728_
input:
G242 G248 G251 G254 G308 G479 
output:
new_n1503_
input:
G308 G315 G332 
output:
new_n764_
input:
G206 G209 G335 
output:
new_n682_
input:
G245 G386 G552 G556 G559 G562 
output:
new_n1521_
input:
G361 G369 
output:
new_n799_
input:
G210 G217 G335 G457 
output:
new_n701_
input:
G206 G242 G248 G251 G254 G446 
output:
new_n1533_
input:
G234 G241 G335 G435 
output:
new_n639_
input:
G257 G264 G335 G389 
output:
new_n645_
input:
G374 new_n646_ new_n650_ new_n662_ new_n671_ 
output:
new_n676_
input:
G400 G411 new_n644_ new_n658_ new_n666_ new_n860_ 
output:
new_n866_
input:
G4089 G4090 
output:
new_n1026_
input:
G479 G490 new_n764_ new_n772_ new_n786_ new_n950_ 
output:
new_n954_
input:
G4087 G4088 
output:
new_n971_
input:
G4091 G4092 new_n1551_ 
output:
new_n1552_
input:
G226 G3546 G3548 G3550 G3552 G422 
output:
new_n1560_
input:
G503 new_n1221_ new_n722_ new_n729_ new_n777_ new_n947_ 
output:
new_n1224_
input:
G503 new_n722_ new_n729_ new_n768_ new_n776_ new_n947_ 
output:
new_n1226_
input:
G1689 G1690 
output:
new_n1260_
input:
G1691 G1694 
output:
new_n1277_
input:
G479 G490 new_n1118_ new_n764_ new_n772_ 
output:
new_n1752_
input:
G479 G490 new_n764_ new_n772_ new_n786_ 
output:
new_n1761_
input:
G332 G361 G366 new_n734_ new_n742_ new_n750_ 
output:
new_n761_
input:
G332 G338 G503 G514 new_n722_ new_n886_ 
output:
new_n891_
input:
G332 G338 G514 new_n1772_ new_n885_ 
output:
new_n1779_
input:
G514 G523 G534 new_n728_ new_n738_ new_n746_ 
output:
new_n1793_
input:
G332 G351 G358 G534 new_n1808_ new_n750_ 
output:
new_n1812_
input:
G242 G248 G514 new_n397_ new_n410_ 
output:
new_n1832_
input:
G242 G248 G251 G254 G293 G302 
output:
new_n1834_
input:
G242 G248 G251 G254 G324 G503 
output:
new_n1846_
input:
G242 G248 G251 G254 G351 G534 
output:
new_n1857_
input:
G248 G251 G341 G361 G523 new_n1869_ 
output:
new_n1881_
input:
G457 G468 new_n692_ new_n698_ new_n706_ 
output:
new_n1905_
input:
G1497 G435 new_n634_ new_n645_ new_n677_ new_n866_ 
output:
new_n1914_
input:
G210 G217 G335 G457 new_n1926_ new_n1928_ 
output:
new_n1934_
input:
G389 new_n1072_ new_n1951_ new_n642_ new_n675_ new_n865_ 
output:
new_n1960_
input:
G281 G288 G335 G374 new_n638_ new_n662_ 
output:
new_n1965_
input:
G273 G280 G335 G411 new_n638_ new_n652_ 
output:
new_n1973_
input:
G389 G400 new_n1198_ new_n642_ new_n666_ new_n862_ 
output:
new_n1983_
input:
G218 G242 G248 G251 G254 G468 
output:
new_n2011_
input:
G226 G242 G248 G251 G254 G422 
output:
new_n2022_
input:
new_n2040_ new_n2052_ new_n2064_ new_n2082_ new_n2093_ new_n2105_ 
output:
new_n2119_
input:
G281 G288 G335 G374 
output:
new_n652_
input:
G265 G272 G335 G400 
output:
new_n668_
input:
G281 G288 G335 G374 G4 new_n662_ 
output:
new_n1201_
input:
G523 G534 G54 new_n738_ new_n746_ new_n756_ 
output:
new_n1235_
input:
G281 G288 G335 
output:
new_n650_
input:
G265 G272 G335 G400 
output:
new_n671_
input:
G257 G264 G335 G389 
output:
new_n644_
input:
G316 G323 G332 G490 new_n768_ 
output:
new_n1221_
input:
G302 G307 G332 
output:
new_n1118_
input:
G523 new_n741_ new_n743_ new_n746_ new_n756_ 
output:
new_n886_
input:
G332 G351 G358 G361 G366 G534 
output:
new_n1772_
input:
G523 G534 new_n738_ new_n743_ new_n746_ new_n756_ 
output:
new_n885_
input:
G324 G331 G332 G338 G503 G514 
output:
new_n1808_
input:
G242 G254 G341 
output:
new_n1869_
input:
G411 new_n647_ new_n655_ new_n658_ new_n670_ 
output:
new_n677_
input:
G218 G225 G335 G468 new_n693_ 
output:
new_n1926_
input:
G422 G468 new_n690_ new_n702_ new_n706_ 
output:
new_n1928_
input:
G273 G280 G335 G400 G411 new_n666_ 
output:
new_n1072_
input:
G374 G400 G411 new_n650_ new_n658_ new_n666_ 
output:
new_n1951_
input:
G273 G280 G335 G411 new_n653_ 
output:
new_n1198_
input:
G273 G280 G335 G374 G411 new_n651_ 
output:
new_n862_
input:
G234 G242 G248 G251 G254 G435 
output:
new_n2040_
input:
G242 G248 G251 G254 G265 G400 
output:
new_n2052_
input:
G242 G248 G251 G254 G257 G389 
output:
new_n2064_
input:
G210 G242 G248 G251 G254 G457 
output:
new_n2082_
input:
G242 G248 G251 G254 G281 G374 
output:
new_n2093_
input:
G242 G248 G251 G254 G273 G411 
output:
new_n2105_
input:
G281 G288 G335 G374 
output:
new_n655_
input:
G226 G233 G335 G422 
output:
new_n693_
input:
G281 G288 G335 G374 
output:
new_n653_
input:
G281 G288 G335 
output:
new_n651_
