input:
G1gat G273gat 
output:
G545gat
input:
G18gat G1gat G273gat G290gat 
output:
G1581gat
input:
G18gat G1gat G273gat G290gat G307gat G35gat 
output:
G1901gat
input:
G18gat G1gat G307gat G324gat new_n108_ new_n96_ 
output:
G2223gat
input:
G1gat G324gat G341gat new_n112_ new_n150_ new_n96_ 
output:
G2548gat
input:
new_n122_ new_n123_ new_n150_ new_n160_ new_n162_ new_n194_ 
output:
G2877gat
input:
new_n160_ new_n161_ new_n198_ new_n208_ new_n210_ new_n252_ 
output:
G3211gat
input:
G18gat G1gat G375gat G392gat new_n267_ new_n320_ 
output:
G3552gat
input:
new_n266_ new_n267_ new_n324_ new_n334_ new_n336_ new_n398_ 
output:
G3895gat
input:
new_n334_ new_n335_ new_n402_ new_n412_ new_n414_ new_n486_ 
output:
G4241gat
input:
G18gat G1gat G426gat G443gat new_n501_ new_n584_ 
output:
G4591gat
input:
new_n500_ new_n501_ new_n588_ new_n598_ new_n600_ new_n692_ 
output:
G4946gat
input:
new_n598_ new_n599_ new_n696_ new_n706_ new_n708_ new_n810_ 
output:
G5308gat
input:
G18gat G1gat G477gat G494gat new_n825_ new_n938_ 
output:
G5672gat
input:
new_n1076_ new_n824_ new_n825_ new_n942_ new_n952_ new_n954_ 
output:
G5971gat
input:
new_n1080_ new_n1090_ new_n1092_ new_n1224_ new_n952_ new_n953_ 
output:
G6123gat
input:
new_n1090_ new_n1091_ new_n1228_ new_n1239_ new_n1241_ new_n1396_ 
output:
G6150gat
input:
new_n1237_ new_n1239_ new_n1241_ new_n1243_ new_n1392_ new_n1540_ 
output:
G6160gat
input:
new_n1237_ new_n1239_ new_n1241_ new_n1396_ new_n1540_ new_n1675_ 
output:
G6170gat
input:
new_n1405_ new_n1409_ new_n1540_ new_n1550_ new_n1671_ new_n1796_ 
output:
G6180gat
input:
new_n1680_ new_n1681_ new_n1682_ new_n1683_ new_n1784_ new_n1903_ 
output:
G6190gat
input:
new_n1680_ new_n1681_ new_n1792_ new_n1802_ new_n1903_ new_n2008_ 
output:
G6200gat
input:
new_n1912_ new_n1913_ new_n1914_ new_n1915_ new_n1996_ new_n2095_ 
output:
G6210gat
input:
new_n1912_ new_n1913_ new_n2004_ new_n2014_ new_n2095_ new_n2180_ 
output:
G6220gat
input:
new_n2013_ new_n2014_ new_n2095_ new_n2105_ new_n2176_ new_n2251_ 
output:
G6230gat
input:
new_n2104_ new_n2105_ new_n2176_ new_n2186_ new_n2247_ new_n2312_ 
output:
G6240gat
input:
new_n2185_ new_n2186_ new_n2247_ new_n2257_ new_n2308_ new_n2363_ 
output:
G6250gat
input:
new_n2256_ new_n2257_ new_n2308_ new_n2318_ new_n2359_ new_n2404_ 
output:
G6260gat
input:
new_n2317_ new_n2318_ new_n2359_ new_n2369_ new_n2400_ new_n2435_ 
output:
G6270gat
input:
new_n2368_ new_n2369_ new_n2400_ new_n2410_ new_n2431_ new_n2456_ 
output:
G6280gat
input:
new_n2432_ new_n2436_ new_n2441_ new_n2452_ new_n2461_ new_n2462_ 
output:
G6287gat
input:
new_n2409_ new_n2410_ new_n2431_ new_n2441_ new_n2452_ new_n2467_ 
output:
G6288gat
input:
G18gat G273gat G290gat G35gat G52gat 
output:
new_n108_
input:
G18gat G1gat G273gat G290gat G307gat G35gat 
output:
new_n96_
input:
G18gat G273gat G290gat G307gat G35gat G52gat 
output:
new_n112_
input:
G18gat G307gat G324gat G35gat new_n126_ new_n138_ 
output:
new_n150_
input:
G1gat G341gat 
output:
new_n122_
input:
G18gat G1gat G307gat G324gat new_n108_ new_n96_ 
output:
new_n123_
input:
G1gat G358gat 
output:
new_n160_
input:
G18gat G341gat 
output:
new_n162_
input:
new_n124_ new_n126_ new_n142_ new_n164_ new_n166_ new_n182_ 
output:
new_n194_
input:
G1gat G324gat G341gat new_n112_ new_n150_ new_n96_ 
output:
new_n161_
input:
G18gat G324gat G341gat new_n126_ new_n142_ new_n190_ 
output:
new_n198_
input:
G1gat G375gat 
output:
new_n208_
input:
G18gat G358gat 
output:
new_n210_
input:
G18gat G341gat G35gat new_n163_ new_n190_ new_n244_ 
output:
new_n252_
input:
new_n160_ new_n161_ new_n198_ new_n208_ new_n210_ new_n252_ 
output:
new_n267_
input:
new_n210_ new_n211_ new_n248_ new_n270_ new_n271_ new_n308_ 
output:
new_n320_
input:
G1gat G392gat 
output:
new_n266_
input:
G18gat G358gat G375gat new_n211_ new_n248_ new_n316_ 
output:
new_n324_
input:
G1gat G409gat 
output:
new_n334_
input:
G18gat G392gat 
output:
new_n336_
input:
new_n268_ new_n269_ new_n316_ new_n338_ new_n339_ new_n386_ 
output:
new_n398_
input:
G18gat G1gat G375gat G392gat new_n267_ new_n320_ 
output:
new_n335_
input:
G18gat G35gat G375gat G392gat new_n337_ new_n390_ 
output:
new_n402_
input:
G1gat G426gat 
output:
new_n412_
input:
G18gat G409gat 
output:
new_n414_
input:
new_n336_ new_n337_ new_n394_ new_n416_ new_n417_ new_n474_ 
output:
new_n486_
input:
new_n334_ new_n335_ new_n402_ new_n412_ new_n414_ new_n486_ 
output:
new_n501_
input:
new_n414_ new_n415_ new_n482_ new_n504_ new_n505_ new_n572_ 
output:
new_n584_
input:
G1gat G443gat 
output:
new_n500_
input:
new_n414_ new_n415_ new_n482_ new_n502_ new_n504_ new_n576_ 
output:
new_n588_
input:
G1gat G460gat 
output:
new_n598_
input:
G18gat G443gat 
output:
new_n600_
input:
new_n502_ new_n503_ new_n580_ new_n602_ new_n603_ new_n680_ 
output:
new_n692_
input:
G18gat G1gat G426gat G443gat new_n501_ new_n584_ 
output:
new_n599_
input:
G18gat G35gat G426gat G443gat new_n601_ new_n684_ 
output:
new_n696_
input:
G1gat G477gat 
output:
new_n706_
input:
G18gat G460gat 
output:
new_n708_
input:
new_n600_ new_n601_ new_n688_ new_n710_ new_n711_ new_n798_ 
output:
new_n810_
input:
new_n598_ new_n599_ new_n696_ new_n706_ new_n708_ new_n810_ 
output:
new_n825_
input:
new_n708_ new_n709_ new_n806_ new_n828_ new_n829_ new_n926_ 
output:
new_n938_
input:
new_n1064_ new_n826_ new_n827_ new_n934_ new_n956_ new_n957_ 
output:
new_n1076_
input:
G1gat G494gat 
output:
new_n824_
input:
new_n708_ new_n709_ new_n806_ new_n826_ new_n828_ new_n930_ 
output:
new_n942_
input:
G1gat G511gat 
output:
new_n952_
input:
G18gat G494gat 
output:
new_n954_
input:
G18gat G35gat G477gat G494gat new_n1068_ new_n955_ 
output:
new_n1080_
input:
G1gat G528gat 
output:
new_n1090_
input:
G18gat G511gat 
output:
new_n1092_
input:
new_n1072_ new_n1094_ new_n1095_ new_n1212_ new_n954_ new_n955_ 
output:
new_n1224_
input:
G18gat G1gat G477gat G494gat new_n825_ new_n938_ 
output:
new_n953_
input:
new_n1076_ new_n824_ new_n825_ new_n942_ new_n952_ new_n954_ 
output:
new_n1091_
input:
new_n1072_ new_n1092_ new_n1094_ new_n1216_ new_n954_ new_n955_ 
output:
new_n1228_
input:
G18gat G528gat 
output:
new_n1239_
input:
new_n1072_ new_n1092_ new_n1094_ new_n1216_ new_n954_ new_n955_ 
output:
new_n1241_
input:
new_n1094_ new_n1095_ new_n1212_ new_n1243_ new_n1247_ new_n1384_ 
output:
new_n1396_
input:
new_n1080_ new_n1090_ new_n1092_ new_n1224_ new_n952_ new_n953_ 
output:
new_n1237_
input:
G35gat G511gat 
output:
new_n1243_
input:
new_n1094_ new_n1095_ new_n1212_ new_n1247_ new_n1249_ new_n1380_ 
output:
new_n1392_
input:
new_n1243_ new_n1245_ new_n1388_ new_n1410_ new_n1412_ new_n1528_ 
output:
new_n1540_
input:
new_n1410_ new_n1411_ new_n1532_ new_n1551_ new_n1552_ new_n1663_ 
output:
new_n1675_
input:
new_n1090_ new_n1091_ new_n1228_ new_n1239_ new_n1241_ new_n1396_ 
output:
new_n1405_
input:
new_n1092_ new_n1093_ new_n1220_ new_n1239_ new_n1243_ new_n1392_ 
output:
new_n1409_
input:
new_n1243_ new_n1245_ new_n1388_ new_n1410_ new_n1412_ new_n1528_ 
output:
new_n1550_
input:
new_n1412_ new_n1413_ new_n1524_ new_n1551_ new_n1553_ new_n1659_ 
output:
new_n1671_
input:
new_n1551_ new_n1552_ new_n1663_ new_n1682_ new_n1683_ new_n1784_ 
output:
new_n1796_
input:
new_n1238_ new_n1404_ new_n1409_ new_n1540_ new_n1550_ new_n1671_ 
output:
new_n1680_
input:
new_n1412_ new_n1413_ new_n1524_ new_n1551_ new_n1553_ new_n1659_ 
output:
new_n1681_
input:
G528gat G69gat 
output:
new_n1682_
input:
new_n1414_ new_n1415_ new_n1516_ new_n1553_ new_n1555_ new_n1651_ 
output:
new_n1683_
input:
new_n1555_ new_n1556_ new_n1647_ new_n1684_ new_n1686_ new_n1772_ 
output:
new_n1784_
input:
new_n1684_ new_n1685_ new_n1776_ new_n1803_ new_n1805_ new_n1891_ 
output:
new_n1903_
input:
new_n1553_ new_n1554_ new_n1655_ new_n1682_ new_n1684_ new_n1780_ 
output:
new_n1792_
input:
new_n1553_ new_n1554_ new_n1655_ new_n1682_ new_n1684_ new_n1780_ 
output:
new_n1802_
input:
new_n1803_ new_n1804_ new_n1895_ new_n1914_ new_n1915_ new_n1996_ 
output:
new_n2008_
input:
new_n1680_ new_n1681_ new_n1682_ new_n1683_ new_n1784_ new_n1903_ 
output:
new_n1912_
input:
new_n1684_ new_n1685_ new_n1776_ new_n1803_ new_n1805_ new_n1891_ 
output:
new_n1913_
input:
G103gat G528gat 
output:
new_n1914_
input:
new_n1686_ new_n1687_ new_n1768_ new_n1805_ new_n1807_ new_n1883_ 
output:
new_n1915_
input:
new_n1807_ new_n1808_ new_n1879_ new_n1916_ new_n1918_ new_n1984_ 
output:
new_n1996_
input:
new_n1916_ new_n1917_ new_n1988_ new_n2015_ new_n2017_ new_n2083_ 
output:
new_n2095_
input:
new_n1805_ new_n1806_ new_n1887_ new_n1914_ new_n1916_ new_n1992_ 
output:
new_n2004_
input:
new_n1805_ new_n1806_ new_n1887_ new_n1914_ new_n1916_ new_n1992_ 
output:
new_n2014_
input:
new_n2015_ new_n2016_ new_n2087_ new_n2106_ new_n2107_ new_n2168_ 
output:
new_n2180_
input:
new_n1793_ new_n1797_ new_n1802_ new_n1903_ new_n1913_ new_n2004_ 
output:
new_n2013_
input:
new_n1916_ new_n1917_ new_n1988_ new_n2015_ new_n2017_ new_n2083_ 
output:
new_n2105_
input:
new_n2017_ new_n2018_ new_n2019_ new_n2075_ new_n2106_ new_n2168_ 
output:
new_n2176_
input:
new_n2106_ new_n2107_ new_n2168_ new_n2187_ new_n2188_ new_n2239_ 
output:
new_n2251_
input:
new_n1912_ new_n1913_ new_n1914_ new_n1915_ new_n1996_ new_n2095_ 
output:
new_n2104_
input:
new_n2017_ new_n2018_ new_n2019_ new_n2075_ new_n2106_ new_n2168_ 
output:
new_n2186_
input:
G154gat G528gat new_n2188_ new_n2239_ 
output:
new_n2247_
input:
G154gat G528gat new_n2188_ new_n2239_ new_n2308_ 
output:
new_n2312_
input:
new_n2005_ new_n2009_ new_n2014_ new_n2095_ new_n2105_ new_n2176_ 
output:
new_n2185_
input:
G154gat G171gat G511gat G528gat new_n2188_ new_n2235_ 
output:
new_n2257_
input:
G171gat G511gat G528gat new_n2190_ new_n2231_ new_n2300_ 
output:
new_n2308_
input:
G171gat G188gat G528gat new_n2259_ new_n2300_ new_n2355_ 
output:
new_n2363_
input:
new_n2104_ new_n2105_ new_n2106_ new_n2172_ new_n2186_ new_n2247_ 
output:
new_n2256_
input:
G171gat G511gat G528gat new_n2190_ new_n2231_ new_n2300_ 
output:
new_n2318_
input:
G188gat G205gat G511gat G528gat new_n2320_ new_n2347_ 
output:
new_n2359_
input:
G205gat G511gat new_n2319_ new_n2320_ new_n2347_ new_n2400_ 
output:
new_n2404_
input:
new_n2177_ new_n2181_ new_n2186_ new_n2247_ new_n2257_ new_n2308_ 
output:
new_n2317_
input:
G188gat G205gat G511gat G528gat new_n2320_ new_n2347_ 
output:
new_n2369_
input:
G205gat G511gat G528gat new_n2322_ new_n2343_ new_n2392_ 
output:
new_n2400_
input:
G205gat G222gat G528gat new_n2371_ new_n2392_ new_n2427_ 
output:
new_n2435_
input:
new_n2248_ new_n2252_ new_n2257_ new_n2308_ new_n2318_ new_n2359_ 
output:
new_n2368_
input:
G205gat G511gat G528gat new_n2322_ new_n2343_ new_n2392_ 
output:
new_n2410_
input:
G222gat G239gat G511gat G528gat new_n2412_ new_n2419_ 
output:
new_n2431_
input:
G222gat G239gat G528gat new_n2412_ new_n2423_ new_n2448_ 
output:
new_n2456_
input:
G205gat G222gat G528gat new_n2371_ new_n2392_ new_n2427_ 
output:
new_n2432_
input:
new_n2317_ new_n2318_ new_n2359_ new_n2369_ new_n2400_ new_n2435_ 
output:
new_n2436_
input:
G222gat G239gat G511gat G528gat new_n2412_ new_n2419_ 
output:
new_n2441_
input:
G239gat G256gat G494gat G511gat G528gat new_n2414_ 
output:
new_n2452_
input:
G239gat G256gat G494gat G511gat G528gat new_n2414_ 
output:
new_n2461_
input:
G256gat G528gat 
output:
new_n2462_
input:
new_n2309_ new_n2313_ new_n2318_ new_n2359_ new_n2369_ new_n2400_ 
output:
new_n2409_
input:
G239gat G256gat G494gat G511gat G528gat new_n2414_ 
output:
new_n2467_
input:
G18gat G273gat G290gat G307gat G35gat G52gat 
output:
new_n126_
input:
G273gat G290gat G35gat G52gat G69gat 
output:
new_n138_
input:
G18gat G324gat 
output:
new_n124_
input:
G273gat G290gat G307gat G35gat G52gat G69gat 
output:
new_n142_
input:
G324gat G35gat 
output:
new_n164_
input:
G273gat G290gat G307gat G35gat G52gat G69gat 
output:
new_n166_
input:
G273gat G290gat G307gat G52gat G69gat G86gat 
output:
new_n182_
input:
G324gat G35gat new_n166_ new_n182_ 
output:
new_n190_
input:
G18gat G307gat G324gat G35gat new_n126_ new_n138_ 
output:
new_n163_
input:
new_n164_ new_n166_ new_n182_ new_n214_ new_n216_ new_n232_ 
output:
new_n244_
input:
G18gat G324gat G341gat new_n126_ new_n142_ new_n190_ 
output:
new_n211_
input:
G324gat G341gat G35gat new_n166_ new_n182_ new_n240_ 
output:
new_n248_
input:
G358gat G35gat 
output:
new_n270_
input:
G324gat G341gat G35gat new_n166_ new_n182_ new_n240_ 
output:
new_n271_
input:
G324gat G341gat G52gat new_n216_ new_n232_ new_n300_ 
output:
new_n308_
input:
new_n212_ new_n213_ new_n240_ new_n270_ new_n272_ new_n304_ 
output:
new_n316_
input:
G18gat G375gat 
output:
new_n268_
input:
new_n162_ new_n163_ new_n190_ new_n210_ new_n212_ new_n244_ 
output:
new_n269_
input:
G35gat G375gat 
output:
new_n338_
input:
new_n212_ new_n213_ new_n240_ new_n270_ new_n272_ new_n304_ 
output:
new_n339_
input:
new_n272_ new_n273_ new_n300_ new_n340_ new_n342_ new_n374_ 
output:
new_n386_
input:
G18gat G358gat G375gat new_n211_ new_n248_ new_n316_ 
output:
new_n337_
input:
G358gat G35gat G52gat new_n271_ new_n308_ new_n382_ 
output:
new_n390_
input:
new_n270_ new_n271_ new_n308_ new_n338_ new_n340_ new_n382_ 
output:
new_n394_
input:
G35gat G392gat 
output:
new_n416_
input:
new_n270_ new_n271_ new_n308_ new_n338_ new_n340_ new_n382_ 
output:
new_n417_
input:
new_n340_ new_n341_ new_n378_ new_n418_ new_n420_ new_n462_ 
output:
new_n474_
input:
G18gat G35gat G375gat G392gat new_n337_ new_n390_ 
output:
new_n415_
input:
G35gat G375gat G392gat G52gat new_n417_ new_n470_ 
output:
new_n482_
input:
G35gat G409gat 
output:
new_n504_
input:
G35gat G375gat G392gat G52gat new_n417_ new_n470_ 
output:
new_n505_
input:
G375gat G392gat G52gat G69gat new_n507_ new_n560_ 
output:
new_n572_
input:
G18gat G426gat 
output:
new_n502_
input:
new_n416_ new_n417_ new_n474_ new_n506_ new_n507_ new_n564_ 
output:
new_n576_
input:
new_n336_ new_n337_ new_n394_ new_n414_ new_n416_ new_n478_ 
output:
new_n503_
input:
new_n416_ new_n417_ new_n474_ new_n504_ new_n506_ new_n568_ 
output:
new_n580_
input:
G35gat G426gat 
output:
new_n602_
input:
new_n416_ new_n417_ new_n474_ new_n504_ new_n506_ new_n568_ 
output:
new_n603_
input:
new_n506_ new_n507_ new_n564_ new_n604_ new_n606_ new_n668_ 
output:
new_n680_
input:
new_n414_ new_n415_ new_n482_ new_n502_ new_n504_ new_n576_ 
output:
new_n601_
input:
new_n504_ new_n505_ new_n572_ new_n604_ new_n605_ new_n672_ 
output:
new_n684_
input:
new_n504_ new_n505_ new_n572_ new_n602_ new_n604_ new_n676_ 
output:
new_n688_
input:
G35gat G443gat 
output:
new_n710_
input:
new_n504_ new_n505_ new_n572_ new_n602_ new_n604_ new_n676_ 
output:
new_n711_
input:
new_n604_ new_n605_ new_n672_ new_n712_ new_n714_ new_n786_ 
output:
new_n798_
input:
G18gat G35gat G426gat G443gat new_n601_ new_n684_ 
output:
new_n709_
input:
G35gat G426gat G443gat G52gat new_n711_ new_n794_ 
output:
new_n806_
input:
G35gat G460gat 
output:
new_n828_
input:
G35gat G426gat G443gat G52gat new_n711_ new_n794_ 
output:
new_n829_
input:
G426gat G443gat G52gat G69gat new_n831_ new_n914_ 
output:
new_n926_
input:
new_n1052_ new_n830_ new_n831_ new_n918_ new_n958_ new_n960_ 
output:
new_n1064_
input:
G18gat G477gat 
output:
new_n826_
input:
new_n600_ new_n601_ new_n688_ new_n708_ new_n710_ new_n802_ 
output:
new_n827_
input:
new_n710_ new_n711_ new_n798_ new_n828_ new_n830_ new_n922_ 
output:
new_n934_
input:
G35gat G477gat 
output:
new_n956_
input:
new_n710_ new_n711_ new_n798_ new_n828_ new_n830_ new_n922_ 
output:
new_n957_
input:
new_n710_ new_n711_ new_n798_ new_n830_ new_n831_ new_n918_ 
output:
new_n930_
input:
new_n1056_ new_n828_ new_n829_ new_n926_ new_n958_ new_n959_ 
output:
new_n1068_
input:
new_n708_ new_n709_ new_n806_ new_n826_ new_n828_ new_n930_ 
output:
new_n955_
input:
new_n1060_ new_n828_ new_n829_ new_n926_ new_n956_ new_n958_ 
output:
new_n1072_
input:
G35gat G494gat 
output:
new_n1094_
input:
new_n1060_ new_n828_ new_n829_ new_n926_ new_n956_ new_n958_ 
output:
new_n1095_
input:
new_n1056_ new_n1096_ new_n1098_ new_n1200_ new_n958_ new_n959_ 
output:
new_n1212_
input:
new_n1064_ new_n1096_ new_n1097_ new_n1204_ new_n956_ new_n957_ 
output:
new_n1216_
input:
G494gat G52gat 
output:
new_n1247_
input:
new_n1096_ new_n1097_ new_n1204_ new_n1251_ new_n1253_ new_n1372_ 
output:
new_n1384_
input:
new_n1056_ new_n1096_ new_n1098_ new_n1200_ new_n958_ new_n959_ 
output:
new_n1249_
input:
new_n1098_ new_n1099_ new_n1196_ new_n1251_ new_n1255_ new_n1368_ 
output:
new_n1380_
input:
G35gat G477gat G494gat G52gat new_n1095_ new_n1208_ 
output:
new_n1245_
input:
G477gat G494gat G52gat G69gat new_n1249_ new_n1376_ 
output:
new_n1388_
input:
G35gat G528gat 
output:
new_n1410_
input:
G511gat G52gat 
output:
new_n1412_
input:
new_n1247_ new_n1249_ new_n1380_ new_n1414_ new_n1415_ new_n1516_ 
output:
new_n1528_
input:
new_n1094_ new_n1095_ new_n1212_ new_n1243_ new_n1247_ new_n1384_ 
output:
new_n1411_
input:
new_n1247_ new_n1249_ new_n1380_ new_n1412_ new_n1414_ new_n1520_ 
output:
new_n1532_
input:
G528gat G52gat 
output:
new_n1551_
input:
new_n1247_ new_n1249_ new_n1380_ new_n1412_ new_n1414_ new_n1520_ 
output:
new_n1552_
input:
new_n1414_ new_n1415_ new_n1516_ new_n1553_ new_n1555_ new_n1651_ 
output:
new_n1663_
input:
G18gat G35gat G477gat G494gat new_n1068_ new_n955_ 
output:
new_n1093_
input:
G35gat G477gat G494gat G52gat new_n1095_ new_n1208_ 
output:
new_n1220_
input:
G477gat G494gat G52gat G69gat new_n1249_ new_n1376_ 
output:
new_n1413_
input:
G477gat G494gat G69gat G86gat new_n1415_ new_n1512_ 
output:
new_n1524_
input:
G511gat G69gat 
output:
new_n1553_
input:
new_n1414_ new_n1415_ new_n1516_ new_n1555_ new_n1556_ new_n1647_ 
output:
new_n1659_
input:
new_n1080_ new_n1090_ new_n1092_ new_n1224_ new_n952_ new_n953_ 
output:
new_n1238_
input:
new_n1092_ new_n1093_ new_n1220_ new_n1239_ new_n1243_ new_n1392_ 
output:
new_n1404_
input:
G494gat G69gat 
output:
new_n1414_
input:
new_n1098_ new_n1099_ new_n1196_ new_n1251_ new_n1255_ new_n1368_ 
output:
new_n1415_
input:
new_n1255_ new_n1257_ new_n1364_ new_n1416_ new_n1418_ new_n1504_ 
output:
new_n1516_
input:
G494gat G86gat 
output:
new_n1555_
input:
new_n1416_ new_n1417_ new_n1508_ new_n1557_ new_n1558_ new_n1639_ 
output:
new_n1651_
input:
new_n1255_ new_n1257_ new_n1364_ new_n1416_ new_n1418_ new_n1504_ 
output:
new_n1556_
input:
new_n1418_ new_n1419_ new_n1500_ new_n1557_ new_n1559_ new_n1635_ 
output:
new_n1647_
input:
G511gat G86gat 
output:
new_n1684_
input:
G103gat G494gat 
output:
new_n1686_
input:
new_n1557_ new_n1558_ new_n1639_ new_n1688_ new_n1689_ new_n1760_ 
output:
new_n1772_
input:
G103gat G477gat G494gat G86gat new_n1556_ new_n1643_ 
output:
new_n1685_
input:
G103gat G120gat G477gat G494gat new_n1687_ new_n1764_ 
output:
new_n1776_
input:
G528gat G86gat 
output:
new_n1803_
input:
G103gat G511gat 
output:
new_n1805_
input:
new_n1686_ new_n1687_ new_n1768_ new_n1807_ new_n1808_ new_n1879_ 
output:
new_n1891_
input:
G477gat G494gat G69gat G86gat new_n1415_ new_n1512_ 
output:
new_n1554_
input:
G103gat G477gat G494gat G86gat new_n1556_ new_n1643_ 
output:
new_n1655_
input:
new_n1555_ new_n1556_ new_n1647_ new_n1686_ new_n1687_ new_n1768_ 
output:
new_n1780_
input:
new_n1555_ new_n1556_ new_n1647_ new_n1684_ new_n1686_ new_n1772_ 
output:
new_n1804_
input:
new_n1686_ new_n1687_ new_n1768_ new_n1805_ new_n1807_ new_n1883_ 
output:
new_n1895_
input:
new_n1418_ new_n1419_ new_n1500_ new_n1557_ new_n1559_ new_n1635_ 
output:
new_n1687_
input:
new_n1559_ new_n1560_ new_n1631_ new_n1688_ new_n1690_ new_n1756_ 
output:
new_n1768_
input:
G120gat G494gat 
output:
new_n1807_
input:
new_n1688_ new_n1689_ new_n1760_ new_n1809_ new_n1810_ new_n1871_ 
output:
new_n1883_
input:
new_n1559_ new_n1560_ new_n1631_ new_n1688_ new_n1690_ new_n1756_ 
output:
new_n1808_
input:
new_n1690_ new_n1691_ new_n1752_ new_n1809_ new_n1811_ new_n1867_ 
output:
new_n1879_
input:
G120gat G511gat 
output:
new_n1916_
input:
G137gat G494gat 
output:
new_n1918_
input:
new_n1809_ new_n1810_ new_n1871_ new_n1920_ new_n1921_ new_n1972_ 
output:
new_n1984_
input:
G120gat G137gat G477gat G494gat new_n1808_ new_n1875_ 
output:
new_n1917_
input:
G137gat G154gat G477gat G494gat new_n1919_ new_n1976_ 
output:
new_n1988_
input:
G120gat G528gat 
output:
new_n2015_
input:
G137gat G511gat 
output:
new_n2017_
input:
new_n1918_ new_n1919_ new_n1980_ new_n2019_ new_n2020_ new_n2071_ 
output:
new_n2083_
input:
G103gat G120gat G477gat G494gat new_n1687_ new_n1764_ 
output:
new_n1806_
input:
G120gat G137gat G477gat G494gat new_n1808_ new_n1875_ 
output:
new_n1887_
input:
new_n1807_ new_n1808_ new_n1879_ new_n1918_ new_n1919_ new_n1980_ 
output:
new_n1992_
input:
new_n1807_ new_n1808_ new_n1879_ new_n1916_ new_n1918_ new_n1984_ 
output:
new_n2016_
input:
new_n1918_ new_n1919_ new_n1980_ new_n2017_ new_n2019_ new_n2075_ 
output:
new_n2087_
input:
G137gat G528gat 
output:
new_n2106_
input:
new_n1918_ new_n1919_ new_n1980_ new_n2017_ new_n2019_ new_n2075_ 
output:
new_n2107_
input:
G154gat G494gat G511gat new_n2020_ new_n2071_ new_n2160_ 
output:
new_n2168_
input:
new_n1551_ new_n1552_ new_n1663_ new_n1682_ new_n1683_ new_n1784_ 
output:
new_n1793_
input:
new_n1405_ new_n1409_ new_n1540_ new_n1550_ new_n1671_ new_n1796_ 
output:
new_n1797_
input:
G137gat G154gat G477gat G494gat new_n1919_ new_n1976_ 
output:
new_n2018_
input:
G154gat G494gat 
output:
new_n2019_
input:
new_n1920_ new_n1921_ new_n1972_ new_n2021_ new_n2022_ new_n2063_ 
output:
new_n2075_
input:
G154gat G528gat 
output:
new_n2187_
input:
G154gat G494gat G511gat new_n2020_ new_n2071_ new_n2160_ 
output:
new_n2188_
input:
G171gat G188gat G494gat G511gat new_n2190_ new_n2227_ 
output:
new_n2239_
input:
new_n1803_ new_n1804_ new_n1895_ new_n1914_ new_n1915_ new_n1996_ 
output:
new_n2005_
input:
new_n1680_ new_n1681_ new_n1792_ new_n1802_ new_n1903_ new_n2008_ 
output:
new_n2009_
input:
G171gat G188gat G494gat new_n2111_ new_n2152_ new_n2227_ 
output:
new_n2235_
input:
G171gat G477gat G494gat new_n2022_ new_n2063_ new_n2152_ 
output:
new_n2190_
input:
G188gat G477gat G494gat new_n2113_ new_n2144_ new_n2223_ 
output:
new_n2231_
input:
G188gat G494gat G511gat new_n2192_ new_n2223_ new_n2292_ 
output:
new_n2300_
input:
G171gat G188gat G494gat G511gat new_n2190_ new_n2227_ 
output:
new_n2259_
input:
G188gat G205gat G511gat new_n2261_ new_n2292_ new_n2347_ 
output:
new_n2355_
input:
new_n2017_ new_n2018_ new_n2019_ new_n2020_ new_n2071_ new_n2168_ 
output:
new_n2172_
input:
G188gat G494gat G511gat new_n2192_ new_n2223_ new_n2292_ 
output:
new_n2320_
input:
G205gat G222gat G494gat new_n2263_ new_n2284_ new_n2339_ 
output:
new_n2347_
input:
G188gat G528gat 
output:
new_n2319_
input:
new_n2015_ new_n2016_ new_n2087_ new_n2106_ new_n2107_ new_n2168_ 
output:
new_n2177_
input:
new_n1912_ new_n1913_ new_n2004_ new_n2014_ new_n2095_ new_n2180_ 
output:
new_n2181_
input:
G205gat G477gat G494gat new_n2194_ new_n2215_ new_n2284_ 
output:
new_n2322_
input:
G222gat G477gat G494gat new_n2265_ new_n2276_ new_n2335_ 
output:
new_n2343_
input:
G222gat G494gat G511gat new_n2324_ new_n2335_ new_n2384_ 
output:
new_n2392_
input:
G205gat G494gat G511gat new_n2263_ new_n2284_ new_n2343_ 
output:
new_n2371_
input:
G222gat G239gat G511gat new_n2373_ new_n2384_ new_n2419_ 
output:
new_n2427_
input:
new_n2106_ new_n2107_ new_n2168_ new_n2187_ new_n2188_ new_n2239_ 
output:
new_n2248_
input:
new_n2013_ new_n2014_ new_n2095_ new_n2105_ new_n2176_ new_n2251_ 
output:
new_n2252_
input:
G222gat G494gat G511gat new_n2324_ new_n2335_ new_n2384_ 
output:
new_n2412_
input:
G239gat G256gat G460gat G477gat G494gat new_n2326_ 
output:
new_n2419_
input:
G239gat G256gat G494gat G511gat new_n2414_ 
output:
new_n2423_
input:
G239gat G256gat G494gat G511gat new_n2414_ 
output:
new_n2448_
input:
G239gat G256gat G460gat G477gat G494gat new_n2326_ 
output:
new_n2414_
input:
G154gat G528gat new_n2188_ new_n2239_ new_n2308_ 
output:
new_n2309_
input:
new_n2104_ new_n2105_ new_n2176_ new_n2186_ new_n2247_ new_n2312_ 
output:
new_n2313_
input:
G324gat G52gat 
output:
new_n214_
input:
G273gat G290gat G307gat G52gat G69gat G86gat 
output:
new_n216_
input:
G103gat G273gat G290gat G307gat G69gat G86gat 
output:
new_n232_
input:
G307gat G324gat G52gat G69gat new_n216_ new_n228_ 
output:
new_n240_
input:
G307gat G324gat G69gat G86gat new_n276_ new_n288_ 
output:
new_n300_
input:
G341gat G35gat 
output:
new_n212_
input:
G324gat G35gat new_n166_ new_n182_ 
output:
new_n213_
input:
G341gat G52gat 
output:
new_n272_
input:
new_n214_ new_n216_ new_n232_ new_n274_ new_n276_ new_n292_ 
output:
new_n304_
input:
G324gat G52gat new_n216_ new_n232_ 
output:
new_n273_
input:
G358gat G52gat 
output:
new_n340_
input:
G341gat G69gat 
output:
new_n342_
input:
new_n274_ new_n276_ new_n292_ new_n344_ new_n346_ new_n362_ 
output:
new_n374_
input:
G341gat G52gat G69gat new_n273_ new_n300_ new_n374_ 
output:
new_n382_
input:
G324gat G341gat G52gat new_n216_ new_n232_ new_n300_ 
output:
new_n341_
input:
G324gat G341gat G69gat new_n276_ new_n292_ new_n370_ 
output:
new_n378_
input:
G375gat G52gat 
output:
new_n418_
input:
G358gat G69gat 
output:
new_n420_
input:
G341gat G69gat G86gat new_n343_ new_n370_ new_n454_ 
output:
new_n462_
input:
G358gat G52gat G69gat new_n341_ new_n378_ new_n462_ 
output:
new_n470_
input:
new_n340_ new_n341_ new_n378_ new_n418_ new_n420_ new_n462_ 
output:
new_n507_
input:
G358gat G69gat G86gat new_n421_ new_n458_ new_n552_ 
output:
new_n560_
input:
G392gat G52gat 
output:
new_n506_
input:
new_n420_ new_n421_ new_n458_ new_n508_ new_n510_ new_n552_ 
output:
new_n564_
input:
new_n338_ new_n339_ new_n386_ new_n418_ new_n419_ new_n466_ 
output:
new_n478_
input:
new_n418_ new_n419_ new_n466_ new_n508_ new_n509_ new_n556_ 
output:
new_n568_
input:
G409gat G52gat 
output:
new_n604_
input:
G392gat G69gat 
output:
new_n606_
input:
new_n508_ new_n509_ new_n556_ new_n608_ new_n609_ new_n656_ 
output:
new_n668_
input:
G375gat G392gat G52gat G69gat new_n507_ new_n560_ 
output:
new_n605_
input:
G375gat G392gat G69gat G86gat new_n607_ new_n660_ 
output:
new_n672_
input:
new_n506_ new_n507_ new_n564_ new_n606_ new_n607_ new_n664_ 
output:
new_n676_
input:
G426gat G52gat 
output:
new_n712_
input:
G409gat G69gat 
output:
new_n714_
input:
new_n606_ new_n607_ new_n664_ new_n716_ new_n717_ new_n774_ 
output:
new_n786_
input:
new_n604_ new_n605_ new_n672_ new_n714_ new_n715_ new_n782_ 
output:
new_n794_
input:
new_n604_ new_n605_ new_n672_ new_n712_ new_n714_ new_n786_ 
output:
new_n831_
input:
new_n714_ new_n715_ new_n782_ new_n834_ new_n835_ new_n902_ 
output:
new_n914_
input:
new_n1040_ new_n832_ new_n833_ new_n910_ new_n962_ new_n963_ 
output:
new_n1052_
input:
G443gat G52gat 
output:
new_n830_
input:
new_n714_ new_n715_ new_n782_ new_n832_ new_n834_ new_n906_ 
output:
new_n918_
input:
G460gat G52gat 
output:
new_n958_
input:
G443gat G69gat 
output:
new_n960_
input:
new_n602_ new_n603_ new_n680_ new_n712_ new_n713_ new_n790_ 
output:
new_n802_
input:
new_n712_ new_n713_ new_n790_ new_n832_ new_n833_ new_n910_ 
output:
new_n922_
input:
G426gat G443gat G69gat G86gat new_n1044_ new_n961_ 
output:
new_n1056_
input:
G426gat G443gat G52gat G69gat new_n831_ new_n914_ 
output:
new_n959_
input:
new_n1048_ new_n830_ new_n831_ new_n918_ new_n960_ new_n961_ 
output:
new_n1060_
input:
G477gat G52gat 
output:
new_n1096_
input:
G460gat G69gat 
output:
new_n1098_
input:
new_n1048_ new_n1100_ new_n1101_ new_n1188_ new_n960_ new_n961_ 
output:
new_n1200_
input:
new_n1052_ new_n830_ new_n831_ new_n918_ new_n958_ new_n960_ 
output:
new_n1097_
input:
new_n1048_ new_n1098_ new_n1100_ new_n1192_ new_n960_ new_n961_ 
output:
new_n1204_
input:
G477gat G69gat 
output:
new_n1251_
input:
new_n1048_ new_n1098_ new_n1100_ new_n1192_ new_n960_ new_n961_ 
output:
new_n1253_
input:
new_n1100_ new_n1101_ new_n1188_ new_n1255_ new_n1259_ new_n1360_ 
output:
new_n1372_
input:
G426gat G443gat G69gat G86gat new_n1044_ new_n961_ 
output:
new_n1099_
input:
G103gat G426gat G443gat G86gat new_n1101_ new_n1184_ 
output:
new_n1196_
input:
G460gat G86gat 
output:
new_n1255_
input:
new_n1100_ new_n1101_ new_n1188_ new_n1259_ new_n1261_ new_n1356_ 
output:
new_n1368_
input:
new_n1056_ new_n1098_ new_n1099_ new_n1196_ new_n958_ new_n959_ 
output:
new_n1208_
input:
new_n1098_ new_n1099_ new_n1196_ new_n1255_ new_n1257_ new_n1364_ 
output:
new_n1376_
input:
new_n1251_ new_n1253_ new_n1372_ new_n1416_ new_n1417_ new_n1508_ 
output:
new_n1520_
input:
new_n1255_ new_n1257_ new_n1364_ new_n1418_ new_n1419_ new_n1500_ 
output:
new_n1512_
input:
G103gat G426gat G443gat G86gat new_n1101_ new_n1184_ 
output:
new_n1257_
input:
G103gat G120gat G426gat G443gat new_n1261_ new_n1352_ 
output:
new_n1364_
input:
G477gat G86gat 
output:
new_n1416_
input:
G103gat G460gat 
output:
new_n1418_
input:
new_n1259_ new_n1261_ new_n1356_ new_n1420_ new_n1421_ new_n1492_ 
output:
new_n1504_
input:
new_n1100_ new_n1101_ new_n1188_ new_n1255_ new_n1259_ new_n1360_ 
output:
new_n1417_
input:
new_n1259_ new_n1261_ new_n1356_ new_n1418_ new_n1420_ new_n1496_ 
output:
new_n1508_
input:
G103gat G477gat 
output:
new_n1557_
input:
new_n1259_ new_n1261_ new_n1356_ new_n1418_ new_n1420_ new_n1496_ 
output:
new_n1558_
input:
new_n1420_ new_n1421_ new_n1492_ new_n1559_ new_n1561_ new_n1627_ 
output:
new_n1639_
input:
G103gat G120gat G426gat G443gat new_n1261_ new_n1352_ 
output:
new_n1419_
input:
G120gat G137gat G426gat G443gat new_n1421_ new_n1488_ 
output:
new_n1500_
input:
G120gat G460gat 
output:
new_n1559_
input:
new_n1420_ new_n1421_ new_n1492_ new_n1561_ new_n1562_ new_n1623_ 
output:
new_n1635_
input:
G120gat G477gat 
output:
new_n1688_
input:
new_n1420_ new_n1421_ new_n1492_ new_n1559_ new_n1561_ new_n1627_ 
output:
new_n1689_
input:
new_n1561_ new_n1562_ new_n1623_ new_n1690_ new_n1692_ new_n1748_ 
output:
new_n1760_
input:
new_n1418_ new_n1419_ new_n1500_ new_n1559_ new_n1560_ new_n1631_ 
output:
new_n1643_
input:
new_n1559_ new_n1560_ new_n1631_ new_n1690_ new_n1691_ new_n1752_ 
output:
new_n1764_
input:
G120gat G137gat G426gat G443gat new_n1421_ new_n1488_ 
output:
new_n1560_
input:
G137gat G154gat G426gat G443gat new_n1562_ new_n1619_ 
output:
new_n1631_
input:
G137gat G460gat 
output:
new_n1690_
input:
new_n1561_ new_n1562_ new_n1623_ new_n1692_ new_n1693_ new_n1744_ 
output:
new_n1756_
input:
G137gat G477gat 
output:
new_n1809_
input:
new_n1561_ new_n1562_ new_n1623_ new_n1690_ new_n1692_ new_n1748_ 
output:
new_n1810_
input:
new_n1692_ new_n1693_ new_n1744_ new_n1811_ new_n1813_ new_n1859_ 
output:
new_n1871_
input:
G137gat G154gat G426gat G443gat new_n1562_ new_n1619_ 
output:
new_n1691_
input:
G154gat G171gat G426gat G443gat new_n1693_ new_n1740_ 
output:
new_n1752_
input:
G154gat G460gat 
output:
new_n1811_
input:
new_n1692_ new_n1693_ new_n1744_ new_n1813_ new_n1814_ new_n1855_ 
output:
new_n1867_
input:
G154gat G477gat 
output:
new_n1920_
input:
new_n1692_ new_n1693_ new_n1744_ new_n1811_ new_n1813_ new_n1859_ 
output:
new_n1921_
input:
G171gat G443gat G460gat new_n1814_ new_n1855_ new_n1964_ 
output:
new_n1972_
input:
G137gat G154gat G460gat new_n1691_ new_n1752_ new_n1867_ 
output:
new_n1875_
input:
new_n1690_ new_n1691_ new_n1752_ new_n1809_ new_n1811_ new_n1867_ 
output:
new_n1919_
input:
new_n1811_ new_n1812_ new_n1813_ new_n1814_ new_n1855_ new_n1972_ 
output:
new_n1976_
input:
new_n1811_ new_n1812_ new_n1813_ new_n1859_ new_n1920_ new_n1972_ 
output:
new_n1980_
input:
new_n1811_ new_n1812_ new_n1813_ new_n1859_ new_n1920_ new_n1972_ 
output:
new_n2020_
input:
G171gat G188gat G460gat G477gat new_n2022_ new_n2059_ 
output:
new_n2071_
input:
G171gat G477gat G494gat new_n2022_ new_n2063_ new_n2152_ 
output:
new_n2160_
input:
G171gat G477gat 
output:
new_n2021_
input:
G171gat G443gat G460gat new_n1814_ new_n1855_ new_n1964_ 
output:
new_n2022_
input:
G188gat G205gat G443gat G460gat new_n2024_ new_n2051_ 
output:
new_n2063_
input:
G188gat G205gat G477gat new_n2113_ new_n2144_ new_n2219_ 
output:
new_n2227_
input:
G171gat G477gat new_n2022_ new_n2063_ 
output:
new_n2111_
input:
G188gat G460gat G477gat new_n2024_ new_n2055_ new_n2144_ 
output:
new_n2152_
input:
G188gat G205gat G443gat G460gat new_n2024_ new_n2051_ 
output:
new_n2113_
input:
G205gat G443gat G460gat new_n2026_ new_n2047_ new_n2136_ 
output:
new_n2144_
input:
G205gat G460gat G477gat new_n2115_ new_n2136_ new_n2215_ 
output:
new_n2223_
input:
G188gat G460gat G477gat new_n2024_ new_n2055_ new_n2144_ 
output:
new_n2192_
input:
G205gat G477gat G494gat new_n2194_ new_n2215_ new_n2284_ 
output:
new_n2292_
input:
G188gat G477gat G494gat new_n2113_ new_n2144_ new_n2223_ 
output:
new_n2261_
input:
G205gat G460gat G477gat new_n2115_ new_n2136_ new_n2215_ 
output:
new_n2263_
input:
G222gat G460gat G477gat new_n2196_ new_n2207_ new_n2276_ 
output:
new_n2284_
input:
G222gat G239gat G477gat new_n2265_ new_n2276_ new_n2331_ 
output:
new_n2339_
input:
G205gat G443gat G460gat new_n2026_ new_n2047_ new_n2136_ 
output:
new_n2194_
input:
G222gat G443gat G460gat new_n2117_ new_n2128_ new_n2207_ 
output:
new_n2215_
input:
G222gat G239gat G443gat G460gat new_n2196_ new_n2203_ 
output:
new_n2265_
input:
G239gat G256gat G426gat G443gat G460gat new_n2198_ 
output:
new_n2276_
input:
G239gat G256gat G460gat G477gat new_n2326_ 
output:
new_n2335_
input:
G222gat G460gat G477gat new_n2196_ new_n2207_ new_n2276_ 
output:
new_n2324_
input:
G239gat G256gat G460gat G477gat G494gat new_n2326_ 
output:
new_n2384_
input:
G222gat G239gat G477gat G494gat new_n2324_ new_n2331_ 
output:
new_n2373_
input:
G239gat G256gat G426gat G443gat G460gat new_n2198_ 
output:
new_n2326_
input:
G103gat G273gat G290gat G69gat G86gat 
output:
new_n228_
input:
G103gat G273gat G290gat G307gat G69gat G86gat 
output:
new_n276_
input:
G103gat G120gat G273gat G290gat G86gat 
output:
new_n288_
input:
G324gat G69gat 
output:
new_n274_
input:
G103gat G120gat G273gat G290gat G307gat G86gat 
output:
new_n292_
input:
G324gat G86gat 
output:
new_n344_
input:
G103gat G120gat G273gat G290gat G307gat G86gat 
output:
new_n346_
input:
G103gat G120gat G137gat G273gat G290gat G307gat 
output:
new_n362_
input:
G324gat G86gat new_n346_ new_n362_ 
output:
new_n370_
input:
G324gat G69gat new_n276_ new_n292_ 
output:
new_n343_
input:
new_n344_ new_n346_ new_n362_ new_n424_ new_n426_ new_n442_ 
output:
new_n454_
input:
G324gat G341gat G69gat new_n276_ new_n292_ new_n370_ 
output:
new_n421_
input:
G324gat G341gat G86gat new_n346_ new_n362_ new_n450_ 
output:
new_n458_
input:
G103gat G341gat G86gat new_n423_ new_n450_ new_n544_ 
output:
new_n552_
input:
G375gat G69gat 
output:
new_n508_
input:
G358gat G86gat 
output:
new_n510_
input:
new_n272_ new_n273_ new_n300_ new_n340_ new_n342_ new_n374_ 
output:
new_n419_
input:
new_n342_ new_n343_ new_n370_ new_n420_ new_n422_ new_n454_ 
output:
new_n466_
input:
new_n342_ new_n343_ new_n370_ new_n420_ new_n422_ new_n454_ 
output:
new_n509_
input:
new_n422_ new_n423_ new_n450_ new_n510_ new_n512_ new_n544_ 
output:
new_n556_
input:
G375gat G86gat 
output:
new_n608_
input:
new_n422_ new_n423_ new_n450_ new_n510_ new_n512_ new_n544_ 
output:
new_n609_
input:
new_n512_ new_n513_ new_n540_ new_n610_ new_n612_ new_n644_ 
output:
new_n656_
input:
new_n420_ new_n421_ new_n458_ new_n508_ new_n510_ new_n552_ 
output:
new_n607_
input:
new_n510_ new_n511_ new_n548_ new_n610_ new_n611_ new_n648_ 
output:
new_n660_
input:
G358gat G375gat G86gat new_n511_ new_n548_ new_n656_ 
output:
new_n664_
input:
G392gat G86gat 
output:
new_n716_
input:
new_n510_ new_n511_ new_n548_ new_n608_ new_n610_ new_n652_ 
output:
new_n717_
input:
new_n610_ new_n611_ new_n648_ new_n718_ new_n720_ new_n762_ 
output:
new_n774_
input:
G375gat G392gat G69gat G86gat new_n607_ new_n660_ 
output:
new_n715_
input:
G103gat G375gat G392gat G86gat new_n717_ new_n770_ 
output:
new_n782_
input:
G409gat G86gat 
output:
new_n834_
input:
G103gat G375gat G392gat G86gat new_n717_ new_n770_ 
output:
new_n835_
input:
G103gat G120gat G375gat G392gat new_n837_ new_n890_ 
output:
new_n902_
input:
new_n1028_ new_n836_ new_n837_ new_n894_ new_n964_ new_n966_ 
output:
new_n1040_
input:
G426gat G69gat 
output:
new_n832_
input:
new_n606_ new_n607_ new_n664_ new_n714_ new_n716_ new_n778_ 
output:
new_n833_
input:
new_n716_ new_n717_ new_n774_ new_n834_ new_n836_ new_n898_ 
output:
new_n910_
input:
G426gat G86gat 
output:
new_n962_
input:
new_n716_ new_n717_ new_n774_ new_n834_ new_n836_ new_n898_ 
output:
new_n963_
input:
new_n716_ new_n717_ new_n774_ new_n836_ new_n837_ new_n894_ 
output:
new_n906_
input:
new_n506_ new_n507_ new_n564_ new_n604_ new_n606_ new_n668_ 
output:
new_n713_
input:
new_n606_ new_n607_ new_n664_ new_n714_ new_n716_ new_n778_ 
output:
new_n790_
input:
new_n1032_ new_n834_ new_n835_ new_n902_ new_n964_ new_n965_ 
output:
new_n1044_
input:
new_n714_ new_n715_ new_n782_ new_n832_ new_n834_ new_n906_ 
output:
new_n961_
input:
new_n1036_ new_n834_ new_n835_ new_n902_ new_n962_ new_n964_ 
output:
new_n1048_
input:
G443gat G86gat 
output:
new_n1100_
input:
new_n1036_ new_n834_ new_n835_ new_n902_ new_n962_ new_n964_ 
output:
new_n1101_
input:
new_n1032_ new_n1102_ new_n1104_ new_n1176_ new_n964_ new_n965_ 
output:
new_n1188_
input:
new_n1040_ new_n1102_ new_n1103_ new_n1180_ new_n962_ new_n963_ 
output:
new_n1192_
input:
G103gat G443gat 
output:
new_n1259_
input:
new_n1102_ new_n1103_ new_n1180_ new_n1263_ new_n1265_ new_n1348_ 
output:
new_n1360_
input:
new_n1032_ new_n1104_ new_n1105_ new_n1172_ new_n964_ new_n965_ 
output:
new_n1184_
input:
new_n1032_ new_n1102_ new_n1104_ new_n1176_ new_n964_ new_n965_ 
output:
new_n1261_
input:
new_n1104_ new_n1105_ new_n1172_ new_n1263_ new_n1267_ new_n1344_ 
output:
new_n1356_
input:
new_n1104_ new_n1105_ new_n1172_ new_n1267_ new_n1269_ new_n1340_ 
output:
new_n1352_
input:
G120gat G443gat 
output:
new_n1420_
input:
new_n1104_ new_n1105_ new_n1172_ new_n1263_ new_n1267_ new_n1344_ 
output:
new_n1421_
input:
new_n1267_ new_n1269_ new_n1340_ new_n1422_ new_n1424_ new_n1480_ 
output:
new_n1492_
input:
new_n1263_ new_n1265_ new_n1348_ new_n1422_ new_n1423_ new_n1484_ 
output:
new_n1496_
input:
G137gat G443gat 
output:
new_n1561_
input:
new_n1422_ new_n1423_ new_n1484_ new_n1563_ new_n1564_ new_n1615_ 
output:
new_n1627_
input:
new_n1267_ new_n1269_ new_n1340_ new_n1424_ new_n1425_ new_n1476_ 
output:
new_n1488_
input:
new_n1267_ new_n1269_ new_n1340_ new_n1422_ new_n1424_ new_n1480_ 
output:
new_n1562_
input:
new_n1424_ new_n1425_ new_n1476_ new_n1563_ new_n1565_ new_n1611_ 
output:
new_n1623_
input:
G154gat G443gat 
output:
new_n1692_
input:
new_n1563_ new_n1564_ new_n1615_ new_n1694_ new_n1695_ new_n1736_ 
output:
new_n1748_
input:
G154gat G171gat G409gat new_n1425_ new_n1476_ new_n1611_ 
output:
new_n1619_
input:
new_n1424_ new_n1425_ new_n1476_ new_n1563_ new_n1565_ new_n1611_ 
output:
new_n1693_
input:
new_n1565_ new_n1566_ new_n1567_ new_n1603_ new_n1694_ new_n1736_ 
output:
new_n1744_
input:
G171gat G443gat 
output:
new_n1813_
input:
new_n1694_ new_n1695_ new_n1736_ new_n1815_ new_n1816_ new_n1847_ 
output:
new_n1859_
input:
new_n1565_ new_n1566_ new_n1567_ new_n1568_ new_n1599_ new_n1736_ 
output:
new_n1740_
input:
new_n1565_ new_n1566_ new_n1567_ new_n1603_ new_n1694_ new_n1736_ 
output:
new_n1814_
input:
G188gat G205gat G409gat G426gat new_n1816_ new_n1843_ 
output:
new_n1855_
input:
G188gat G426gat G443gat new_n1816_ new_n1847_ new_n1956_ 
output:
new_n1964_
input:
G154gat G171gat G426gat G443gat new_n1693_ new_n1740_ 
output:
new_n1812_
input:
G188gat G205gat G443gat new_n1925_ new_n1956_ new_n2051_ 
output:
new_n2059_
input:
G188gat G426gat G443gat new_n1816_ new_n1847_ new_n1956_ 
output:
new_n2024_
input:
G205gat G222gat G426gat new_n1927_ new_n1948_ new_n2043_ 
output:
new_n2051_
input:
G205gat G222gat G460gat new_n2115_ new_n2136_ new_n2211_ 
output:
new_n2219_
input:
G205gat G426gat G443gat new_n1927_ new_n1948_ new_n2047_ 
output:
new_n2055_
input:
G205gat G409gat G426gat new_n1818_ new_n1839_ new_n1948_ 
output:
new_n2026_
input:
G222gat G409gat G426gat new_n1929_ new_n1940_ new_n2039_ 
output:
new_n2047_
input:
G222gat G426gat G443gat new_n2028_ new_n2039_ new_n2128_ 
output:
new_n2136_
input:
G205gat G426gat G443gat new_n1927_ new_n1948_ new_n2047_ 
output:
new_n2115_
input:
G222gat G426gat G443gat new_n2028_ new_n2039_ new_n2128_ 
output:
new_n2196_
input:
G239gat G256gat G426gat G443gat new_n2198_ 
output:
new_n2207_
input:
G239gat G256gat G426gat G443gat G460gat new_n2198_ 
output:
new_n2331_
input:
G222gat G239gat G409gat G426gat new_n2028_ new_n2035_ 
output:
new_n2117_
input:
G239gat G256gat G392gat G409gat G426gat new_n2030_ 
output:
new_n2128_
input:
G239gat G256gat G392gat G409gat G426gat new_n2030_ 
output:
new_n2203_
input:
G239gat G256gat G392gat G409gat G426gat new_n2030_ 
output:
new_n2198_
input:
G103gat G324gat 
output:
new_n424_
input:
G103gat G120gat G137gat G273gat G290gat G307gat 
output:
new_n426_
input:
G120gat G137gat G154gat G273gat G290gat G307gat 
output:
new_n442_
input:
G103gat G120gat G307gat G324gat new_n426_ new_n438_ 
output:
new_n450_
input:
G324gat G86gat new_n346_ new_n362_ 
output:
new_n423_
input:
new_n424_ new_n426_ new_n442_ new_n514_ new_n516_ new_n532_ 
output:
new_n544_
input:
G341gat G86gat 
output:
new_n422_
input:
G103gat G341gat 
output:
new_n512_
input:
G103gat G324gat new_n426_ new_n442_ 
output:
new_n513_
input:
G120gat G137gat G307gat G324gat new_n516_ new_n528_ 
output:
new_n540_
input:
G103gat G358gat 
output:
new_n610_
input:
G120gat G341gat 
output:
new_n612_
input:
new_n514_ new_n516_ new_n532_ new_n614_ new_n616_ new_n632_ 
output:
new_n644_
input:
G324gat G341gat G86gat new_n346_ new_n362_ new_n450_ 
output:
new_n511_
input:
G103gat G324gat G341gat new_n426_ new_n442_ new_n540_ 
output:
new_n548_
input:
G103gat G324gat G341gat new_n426_ new_n442_ new_n540_ 
output:
new_n611_
input:
G120gat G324gat G341gat new_n516_ new_n532_ new_n640_ 
output:
new_n648_
input:
G103gat G120gat G341gat new_n513_ new_n540_ new_n644_ 
output:
new_n652_
input:
G103gat G375gat 
output:
new_n718_
input:
G120gat G358gat 
output:
new_n720_
input:
G120gat G137gat G341gat new_n613_ new_n640_ new_n754_ 
output:
new_n762_
input:
new_n610_ new_n611_ new_n648_ new_n720_ new_n721_ new_n758_ 
output:
new_n770_
input:
G103gat G358gat G375gat new_n611_ new_n648_ new_n766_ 
output:
new_n837_
input:
new_n720_ new_n721_ new_n758_ new_n840_ new_n841_ new_n878_ 
output:
new_n890_
input:
new_n1016_ new_n838_ new_n839_ new_n886_ new_n968_ new_n969_ 
output:
new_n1028_
input:
G103gat G392gat 
output:
new_n836_
input:
new_n720_ new_n721_ new_n758_ new_n838_ new_n840_ new_n882_ 
output:
new_n894_
input:
G103gat G409gat 
output:
new_n964_
input:
G120gat G392gat 
output:
new_n966_
input:
new_n608_ new_n609_ new_n656_ new_n718_ new_n719_ new_n766_ 
output:
new_n778_
input:
new_n718_ new_n719_ new_n766_ new_n838_ new_n839_ new_n886_ 
output:
new_n898_
input:
G120gat G137gat G375gat G392gat new_n1020_ new_n967_ 
output:
new_n1032_
input:
G103gat G120gat G375gat G392gat new_n837_ new_n890_ 
output:
new_n965_
input:
new_n1024_ new_n836_ new_n837_ new_n894_ new_n966_ new_n967_ 
output:
new_n1036_
input:
G103gat G426gat 
output:
new_n1102_
input:
G120gat G409gat 
output:
new_n1104_
input:
new_n1024_ new_n1106_ new_n1107_ new_n1164_ new_n966_ new_n967_ 
output:
new_n1176_
input:
new_n1028_ new_n836_ new_n837_ new_n894_ new_n964_ new_n966_ 
output:
new_n1103_
input:
new_n1024_ new_n1104_ new_n1106_ new_n1168_ new_n966_ new_n967_ 
output:
new_n1180_
input:
G120gat G426gat 
output:
new_n1263_
input:
new_n1024_ new_n1104_ new_n1106_ new_n1168_ new_n966_ new_n967_ 
output:
new_n1265_
input:
new_n1106_ new_n1107_ new_n1164_ new_n1267_ new_n1271_ new_n1336_ 
output:
new_n1348_
input:
G120gat G137gat G375gat G392gat new_n1020_ new_n967_ 
output:
new_n1105_
input:
G137gat G154gat G375gat G392gat new_n1107_ new_n1160_ 
output:
new_n1172_
input:
G137gat G409gat 
output:
new_n1267_
input:
new_n1106_ new_n1107_ new_n1164_ new_n1271_ new_n1273_ new_n1332_ 
output:
new_n1344_
input:
G137gat G154gat G375gat G392gat new_n1107_ new_n1160_ 
output:
new_n1269_
input:
G154gat G171gat G375gat G392gat new_n1273_ new_n1328_ 
output:
new_n1340_
input:
G137gat G426gat 
output:
new_n1422_
input:
G154gat G409gat 
output:
new_n1424_
input:
new_n1271_ new_n1273_ new_n1332_ new_n1426_ new_n1427_ new_n1468_ 
output:
new_n1480_
input:
new_n1106_ new_n1107_ new_n1164_ new_n1267_ new_n1271_ new_n1336_ 
output:
new_n1423_
input:
new_n1271_ new_n1273_ new_n1332_ new_n1424_ new_n1426_ new_n1472_ 
output:
new_n1484_
input:
G154gat G426gat 
output:
new_n1563_
input:
new_n1271_ new_n1273_ new_n1332_ new_n1424_ new_n1426_ new_n1472_ 
output:
new_n1564_
input:
new_n1426_ new_n1427_ new_n1468_ new_n1565_ new_n1567_ new_n1603_ 
output:
new_n1615_
input:
G154gat G171gat G375gat G392gat new_n1273_ new_n1328_ 
output:
new_n1425_
input:
G171gat G188gat G375gat G392gat new_n1427_ new_n1464_ 
output:
new_n1476_
input:
G171gat G409gat 
output:
new_n1565_
input:
new_n1426_ new_n1427_ new_n1468_ new_n1567_ new_n1568_ new_n1599_ 
output:
new_n1611_
input:
G171gat G426gat 
output:
new_n1694_
input:
new_n1426_ new_n1427_ new_n1468_ new_n1565_ new_n1567_ new_n1603_ 
output:
new_n1695_
input:
G188gat G392gat G409gat new_n1568_ new_n1599_ new_n1728_ 
output:
new_n1736_
input:
G171gat G188gat G375gat G392gat new_n1427_ new_n1464_ 
output:
new_n1566_
input:
G188gat G392gat 
output:
new_n1567_
input:
new_n1428_ new_n1429_ new_n1460_ new_n1569_ new_n1570_ new_n1591_ 
output:
new_n1603_
input:
G188gat G426gat 
output:
new_n1815_
input:
G188gat G392gat G409gat new_n1568_ new_n1599_ new_n1728_ 
output:
new_n1816_
input:
G205gat G222gat G392gat G409gat new_n1818_ new_n1835_ 
output:
new_n1847_
input:
new_n1279_ new_n1281_ new_n1283_ new_n1312_ new_n1428_ new_n1460_ 
output:
new_n1568_
input:
G205gat G222gat G358gat G375gat new_n1570_ new_n1587_ 
output:
new_n1599_
input:
G205gat G222gat G392gat new_n1699_ new_n1720_ new_n1835_ 
output:
new_n1843_
input:
G205gat G409gat G426gat new_n1818_ new_n1839_ new_n1948_ 
output:
new_n1956_
input:
G188gat G426gat new_n1816_ new_n1847_ 
output:
new_n1925_
input:
G205gat G222gat G392gat G409gat new_n1818_ new_n1835_ 
output:
new_n1927_
input:
G222gat G392gat G409gat new_n1820_ new_n1831_ new_n1940_ 
output:
new_n1948_
input:
G222gat G239gat G409gat new_n1929_ new_n1940_ new_n2035_ 
output:
new_n2043_
input:
G222gat G239gat G443gat new_n2117_ new_n2128_ new_n2203_ 
output:
new_n2211_
input:
G205gat G375gat G392gat new_n1570_ new_n1591_ new_n1720_ 
output:
new_n1818_
input:
G222gat G375gat G392gat new_n1701_ new_n1712_ new_n1831_ 
output:
new_n1839_
input:
G222gat G239gat G375gat G392gat new_n1820_ new_n1827_ 
output:
new_n1929_
input:
G239gat G256gat G358gat G375gat G392gat new_n1822_ 
output:
new_n1940_
input:
G239gat G256gat G375gat G392gat G409gat new_n1931_ 
output:
new_n2039_
input:
G222gat G392gat G409gat new_n1820_ new_n1831_ new_n1940_ 
output:
new_n2028_
input:
G239gat G256gat G358gat G375gat G392gat new_n1822_ 
output:
new_n2035_
input:
G239gat G256gat G358gat G375gat G392gat new_n1822_ 
output:
new_n2030_
input:
G120gat G137gat G154gat G273gat G290gat 
output:
new_n438_
input:
G120gat G324gat 
output:
new_n514_
input:
G120gat G137gat G154gat G273gat G290gat G307gat 
output:
new_n516_
input:
G137gat G154gat G171gat G273gat G290gat G307gat 
output:
new_n532_
input:
G137gat G154gat G171gat G273gat G290gat 
output:
new_n528_
input:
G137gat G324gat 
output:
new_n614_
input:
G137gat G154gat G171gat G273gat G290gat G307gat 
output:
new_n616_
input:
G154gat G171gat G188gat G273gat G290gat G307gat 
output:
new_n632_
input:
G137gat G154gat G307gat G324gat new_n616_ new_n628_ 
output:
new_n640_
input:
G120gat G324gat new_n516_ new_n532_ 
output:
new_n613_
input:
new_n614_ new_n616_ new_n632_ new_n724_ new_n726_ new_n742_ 
output:
new_n754_
input:
G120gat G324gat G341gat new_n516_ new_n532_ new_n640_ 
output:
new_n721_
input:
G137gat G324gat G341gat new_n616_ new_n632_ new_n750_ 
output:
new_n758_
input:
new_n612_ new_n613_ new_n640_ new_n720_ new_n722_ new_n754_ 
output:
new_n766_
input:
G137gat G358gat 
output:
new_n840_
input:
G137gat G324gat G341gat new_n616_ new_n632_ new_n750_ 
output:
new_n841_
input:
G154gat G324gat G341gat new_n726_ new_n742_ new_n870_ 
output:
new_n878_
input:
new_n1004_ new_n842_ new_n843_ new_n870_ new_n970_ new_n972_ 
output:
new_n1016_
input:
G120gat G375gat 
output:
new_n838_
input:
new_n612_ new_n613_ new_n640_ new_n720_ new_n722_ new_n754_ 
output:
new_n839_
input:
new_n722_ new_n723_ new_n750_ new_n840_ new_n842_ new_n874_ 
output:
new_n886_
input:
G137gat G375gat 
output:
new_n968_
input:
new_n722_ new_n723_ new_n750_ new_n840_ new_n842_ new_n874_ 
output:
new_n969_
input:
G137gat G154gat G341gat new_n723_ new_n750_ new_n874_ 
output:
new_n882_
input:
new_n512_ new_n513_ new_n540_ new_n610_ new_n612_ new_n644_ 
output:
new_n719_
input:
G137gat G154gat G358gat new_n1012_ new_n841_ new_n878_ 
output:
new_n1020_
input:
G120gat G358gat G375gat new_n721_ new_n758_ new_n886_ 
output:
new_n967_
input:
new_n1012_ new_n840_ new_n841_ new_n878_ new_n968_ new_n970_ 
output:
new_n1024_
input:
G137gat G392gat 
output:
new_n1106_
input:
G137gat G358gat G375gat new_n1016_ new_n841_ new_n878_ 
output:
new_n1107_
input:
G154gat G358gat G375gat new_n1008_ new_n1156_ new_n971_ 
output:
new_n1164_
input:
new_n1016_ new_n1108_ new_n1109_ new_n1156_ new_n968_ new_n969_ 
output:
new_n1168_
input:
G154gat G392gat 
output:
new_n1271_
input:
new_n1108_ new_n1109_ new_n1156_ new_n1275_ new_n1277_ new_n1324_ 
output:
new_n1336_
input:
new_n1008_ new_n1110_ new_n1111_ new_n1148_ new_n970_ new_n971_ 
output:
new_n1160_
input:
new_n1008_ new_n1108_ new_n1110_ new_n1152_ new_n970_ new_n971_ 
output:
new_n1273_
input:
new_n1110_ new_n1111_ new_n1148_ new_n1275_ new_n1279_ new_n1320_ 
output:
new_n1332_
input:
G171gat G188gat G358gat new_n1111_ new_n1148_ new_n1320_ 
output:
new_n1328_
input:
G171gat G392gat 
output:
new_n1426_
input:
new_n1110_ new_n1111_ new_n1148_ new_n1275_ new_n1279_ new_n1320_ 
output:
new_n1427_
input:
new_n1279_ new_n1281_ new_n1283_ new_n1312_ new_n1428_ new_n1460_ 
output:
new_n1468_
input:
new_n1275_ new_n1277_ new_n1324_ new_n1428_ new_n1429_ new_n1460_ 
output:
new_n1472_
input:
G188gat G358gat new_n1281_ new_n1283_ new_n1312_ new_n1460_ 
output:
new_n1464_
input:
G205gat G375gat G392gat new_n1570_ new_n1591_ new_n1720_ 
output:
new_n1728_
input:
G188gat G375gat 
output:
new_n1428_
input:
new_n1112_ new_n1113_ new_n1140_ new_n1279_ new_n1283_ new_n1312_ 
output:
new_n1429_
input:
G205gat G341gat G358gat new_n1285_ new_n1308_ new_n1452_ 
output:
new_n1460_
input:
G205gat G375gat 
output:
new_n1569_
input:
G205gat G341gat G358gat new_n1285_ new_n1308_ new_n1452_ 
output:
new_n1570_
input:
G222gat G239gat G341gat G358gat new_n1572_ new_n1579_ 
output:
new_n1591_
input:
G222gat G239gat G375gat new_n1701_ new_n1712_ new_n1827_ 
output:
new_n1835_
input:
G188gat G358gat 
output:
new_n1279_
input:
G188gat G324gat G341gat new_n1140_ new_n976_ new_n992_ 
output:
new_n1281_
input:
G205gat G341gat 
output:
new_n1283_
input:
G205gat G222gat G324gat new_n1116_ new_n1132_ new_n1304_ 
output:
new_n1312_
input:
G239gat G341gat new_n1572_ new_n1579_ 
output:
new_n1587_
input:
G205gat G222gat G358gat G375gat new_n1570_ new_n1587_ 
output:
new_n1699_
input:
G222gat G358gat G375gat new_n1572_ new_n1583_ new_n1712_ 
output:
new_n1720_
input:
G222gat G358gat G375gat new_n1572_ new_n1583_ new_n1712_ 
output:
new_n1820_
input:
G239gat G256gat G358gat G375gat new_n1822_ 
output:
new_n1831_
input:
G222gat G239gat G341gat G358gat new_n1572_ new_n1579_ 
output:
new_n1701_
input:
G239gat G256gat G324gat G341gat G358gat new_n1574_ 
output:
new_n1712_
input:
G239gat G256gat G324gat G341gat G358gat new_n1574_ 
output:
new_n1827_
input:
G239gat G256gat G324gat G341gat G358gat new_n1574_ 
output:
new_n1822_
input:
G239gat G256gat G358gat G375gat new_n1822_ 
output:
new_n1931_
input:
G154gat G171gat G188gat G273gat G290gat 
output:
new_n628_
input:
G154gat G324gat 
output:
new_n724_
input:
G154gat G171gat G188gat G273gat G290gat G307gat 
output:
new_n726_
input:
G171gat G188gat G205gat G273gat G290gat G307gat 
output:
new_n742_
input:
G154gat G171gat G307gat G324gat new_n726_ new_n738_ 
output:
new_n750_
input:
G137gat G341gat 
output:
new_n722_
input:
G171gat G188gat G307gat G324gat new_n846_ new_n858_ 
output:
new_n870_
input:
new_n844_ new_n846_ new_n862_ new_n974_ new_n976_ new_n992_ 
output:
new_n1004_
input:
G154gat G341gat 
output:
new_n842_
input:
G154gat G324gat new_n726_ new_n742_ 
output:
new_n843_
input:
G154gat G358gat 
output:
new_n970_
input:
G171gat G341gat 
output:
new_n972_
input:
G137gat G324gat new_n616_ new_n632_ 
output:
new_n723_
input:
new_n724_ new_n726_ new_n742_ new_n844_ new_n846_ new_n862_ 
output:
new_n874_
input:
G154gat G171gat G341gat new_n1004_ new_n843_ new_n870_ 
output:
new_n1012_
input:
G171gat G324gat G341gat new_n1000_ new_n846_ new_n862_ 
output:
new_n1008_
input:
new_n1000_ new_n1110_ new_n1112_ new_n1144_ new_n972_ new_n973_ 
output:
new_n1156_
input:
G154gat G324gat G341gat new_n726_ new_n742_ new_n870_ 
output:
new_n971_
input:
G154gat G375gat 
output:
new_n1108_
input:
new_n1004_ new_n842_ new_n843_ new_n870_ new_n970_ new_n972_ 
output:
new_n1109_
input:
G171gat G375gat 
output:
new_n1275_
input:
new_n1000_ new_n1110_ new_n1112_ new_n1144_ new_n972_ new_n973_ 
output:
new_n1277_
input:
G188gat G341gat G358gat new_n1113_ new_n1140_ new_n1316_ 
output:
new_n1324_
input:
G171gat G358gat 
output:
new_n1110_
input:
G171gat G324gat G341gat new_n1000_ new_n846_ new_n862_ 
output:
new_n1111_
input:
G188gat G324gat G341gat new_n1140_ new_n976_ new_n992_ 
output:
new_n1148_
input:
G171gat G188gat G341gat new_n1000_ new_n1144_ new_n973_ 
output:
new_n1152_
input:
G188gat G205gat G341gat new_n1113_ new_n1140_ new_n1312_ 
output:
new_n1320_
input:
G188gat G341gat 
output:
new_n1112_
input:
G188gat G324gat new_n976_ new_n992_ 
output:
new_n1113_
input:
G205gat G222gat G307gat G324gat new_n1116_ new_n1128_ 
output:
new_n1140_
input:
G205gat G324gat new_n1116_ new_n1132_ 
output:
new_n1285_
input:
G222gat G324gat new_n1304_ 
output:
new_n1308_
input:
G222gat G324gat G341gat new_n1303_ new_n1306_ new_n1444_ 
output:
new_n1452_
input:
G222gat G324gat G341gat new_n1290_ new_n1300_ new_n1444_ 
output:
new_n1572_
input:
G239gat G256gat G273gat G290gat G307gat G324gat 
output:
new_n1579_
input:
G188gat G205gat G222gat G273gat G290gat G307gat 
output:
new_n976_
input:
G205gat G222gat G239gat G273gat G290gat G307gat 
output:
new_n992_
input:
G205gat G222gat G239gat G273gat G290gat G307gat 
output:
new_n1116_
input:
G222gat G239gat G256gat G273gat G290gat G307gat 
output:
new_n1132_
input:
G222gat G239gat G256gat G273gat G290gat G307gat 
output:
new_n1304_
input:
G239gat G256gat G324gat G341gat new_n1574_ 
output:
new_n1583_
input:
G239gat G256gat G273gat G290gat G307gat G324gat 
output:
new_n1574_
input:
G171gat G188gat G205gat G273gat G290gat 
output:
new_n738_
input:
G171gat G188gat G205gat G273gat G290gat G307gat 
output:
new_n846_
input:
G188gat G205gat G222gat G273gat G290gat 
output:
new_n858_
input:
G171gat G324gat 
output:
new_n844_
input:
G188gat G205gat G222gat G273gat G290gat G307gat 
output:
new_n862_
input:
G188gat G324gat 
output:
new_n974_
input:
G188gat G205gat G307gat G324gat new_n976_ new_n988_ 
output:
new_n1000_
input:
new_n1114_ new_n1116_ new_n1132_ new_n974_ new_n976_ new_n992_ 
output:
new_n1144_
input:
G171gat G324gat new_n846_ new_n862_ 
output:
new_n973_
input:
new_n1114_ new_n1116_ new_n1132_ new_n1283_ new_n1287_ new_n1304_ 
output:
new_n1316_
input:
G222gat G239gat G256gat G273gat G290gat 
output:
new_n1128_
input:
G222gat G239gat G256gat G273gat G290gat G307gat 
output:
new_n1303_
input:
G222gat G239gat G256gat G273gat G290gat G307gat 
output:
new_n1306_
input:
G239gat G256gat G273gat G290gat G307gat G324gat 
output:
new_n1444_
input:
G222gat G239gat G256gat G273gat G290gat G307gat 
output:
new_n1290_
input:
G239gat G256gat G273gat G290gat G307gat 
output:
new_n1300_
input:
G205gat G222gat G239gat G273gat G290gat 
output:
new_n988_
input:
G205gat G324gat 
output:
new_n1114_
input:
G222gat G324gat 
output:
new_n1287_
